ARM GAS  /tmp/cc2iBRX0.s 			page 1


   1              		.cpu cortex-m4
   2              		.eabi_attribute 27, 1
   3              		.eabi_attribute 28, 1
   4              		.eabi_attribute 20, 1
   5              		.eabi_attribute 21, 1
   6              		.eabi_attribute 23, 3
   7              		.eabi_attribute 24, 1
   8              		.eabi_attribute 25, 1
   9              		.eabi_attribute 26, 1
  10              		.eabi_attribute 30, 4
  11              		.eabi_attribute 34, 1
  12              		.eabi_attribute 18, 4
  13              		.file	"crt1.c"
  14              		.text
  15              	.Ltext0:
  16              		.cfi_sections	.debug_frame
  17              		.section	.text.__core_init,"ax",%progbits
  18              		.align	1
  19              		.weak	__core_init
  20              		.syntax unified
  21              		.thumb
  22              		.thumb_func
  23              		.fpu fpv4-sp-d16
  24              		.type	__core_init, %function
  25              	__core_init:
  26              	.LFB130:
  27              		.file 1 "../../modules/ChibiOS/os/common/startup/ARMCMx/compilers/GCC/crt1.c"
  28              		.loc 1 137 0
  29              		.cfi_startproc
  30              		@ args = 0, pretend = 0, frame = 0
  31              		@ frame_needed = 0, uses_anonymous_args = 0
  32              		@ link register save eliminated.
  33 0000 7047     		bx	lr
  34              		.cfi_endproc
  35              	.LFE130:
  36              		.size	__core_init, .-__core_init
  37              		.section	.text.__default_exit,"ax",%progbits
  38              		.align	1
  39              		.weak	__default_exit
  40              		.syntax unified
  41              		.thumb
  42              		.thumb_func
  43              		.fpu fpv4-sp-d16
  44              		.type	__default_exit, %function
  45              	__default_exit:
  46              	.LFB131:
  47              		.loc 1 187 0
  48              		.cfi_startproc
  49              		@ Volatile: function does not return.
  50              		@ args = 0, pretend = 0, frame = 0
  51              		@ frame_needed = 0, uses_anonymous_args = 0
  52              		@ link register save eliminated.
  53              	.L3:
  54 0000 FEE7     		b	.L3
  55              		.cfi_endproc
  56              	.LFE131:
  57              		.size	__default_exit, .-__default_exit
ARM GAS  /tmp/cc2iBRX0.s 			page 2


  58              		.section	.text.__init_ram_areas,"ax",%progbits
  59              		.align	1
  60              		.global	__init_ram_areas
  61              		.syntax unified
  62              		.thumb
  63              		.thumb_func
  64              		.fpu fpv4-sp-d16
  65              		.type	__init_ram_areas, %function
  66              	__init_ram_areas:
  67              	.LFB132:
  68              		.loc 1 197 0
  69              		.cfi_startproc
  70              		@ args = 0, pretend = 0, frame = 0
  71              		@ frame_needed = 0, uses_anonymous_args = 0
  72              		@ link register save eliminated.
  73              	.LVL0:
  74 0000 084A     		ldr	r2, .L9
  75              	.LBB2:
  76              		.loc 1 203 0
  77 0002 094B     		ldr	r3, .L9+4
  78              		.loc 1 206 0
  79 0004 0949     		ldr	r1, .L9+8
  80              	.LVL1:
  81              	.L5:
  82 0006 8B42     		cmp	r3, r1
  83 0008 04D3     		bcc	.L6
  84              		.loc 1 213 0
  85 000a 094A     		ldr	r2, .L9+12
  86              		.loc 1 214 0
  87 000c 0021     		movs	r1, #0
  88              	.LVL2:
  89              	.L7:
  90              		.loc 1 213 0
  91 000e 9342     		cmp	r3, r2
  92 0010 05D3     		bcc	.L8
  93              	.LBE2:
  94              		.loc 1 221 0
  95 0012 7047     		bx	lr
  96              	.LVL3:
  97              	.L6:
  98              	.LBB3:
  99              		.loc 1 207 0
 100 0014 52F8040F 		ldr	r0, [r2, #4]!
 101 0018 43F8040B 		str	r0, [r3], #4
 102              	.LVL4:
 103 001c F3E7     		b	.L5
 104              	.LVL5:
 105              	.L8:
 106              		.loc 1 214 0
 107 001e 43F8041B 		str	r1, [r3], #4
 108              	.LVL6:
 109 0022 F4E7     		b	.L7
 110              	.L10:
 111              		.align	2
 112              	.L9:
 113 0024 FCFFFFFF 		.word	__ram0_init_text__-4
 114 0028 00000000 		.word	__ram0_init__
ARM GAS  /tmp/cc2iBRX0.s 			page 3


 115 002c 00000000 		.word	__ram0_clear__
 116 0030 00000000 		.word	__ram0_noinit__
 117              	.LBE3:
 118              		.cfi_endproc
 119              	.LFE132:
 120              		.size	__init_ram_areas, .-__init_ram_areas
 121              		.text
 122              	.Letext0:
 123              		.file 2 "/opt/gcc-arm-none-eabi-6-2017-q2-update/arm-none-eabi/include/machine/_default_types.h"
 124              		.file 3 "/opt/gcc-arm-none-eabi-6-2017-q2-update/arm-none-eabi/include/sys/_stdint.h"
 125              		.file 4 "../../modules/ChibiOS/os/common/ext/ARM/CMSIS/Core/Include/core_cm4.h"
 126              		.file 5 "../../modules/ChibiOS/os/common/ext/ST/STM32F4xx/system_stm32f4xx.h"
 127              		.section	.debug_info,"",%progbits
 128              	.Ldebug_info0:
 129 0000 13020000 		.4byte	0x213
 130 0004 0400     		.2byte	0x4
 131 0006 00000000 		.4byte	.Ldebug_abbrev0
 132 000a 04       		.byte	0x4
 133 000b 01       		.uleb128 0x1
 134 000c 0D010000 		.4byte	.LASF30
 135 0010 0C       		.byte	0xc
 136 0011 4F020000 		.4byte	.LASF31
 137 0015 0F030000 		.4byte	.LASF32
 138 0019 18000000 		.4byte	.Ldebug_ranges0+0x18
 139 001d 00000000 		.4byte	0
 140 0021 00000000 		.4byte	.Ldebug_line0
 141 0025 02       		.uleb128 0x2
 142 0026 01       		.byte	0x1
 143 0027 06       		.byte	0x6
 144 0028 03030000 		.4byte	.LASF0
 145 002c 03       		.uleb128 0x3
 146 002d 0F000000 		.4byte	.LASF4
 147 0031 02       		.byte	0x2
 148 0032 2B       		.byte	0x2b
 149 0033 37000000 		.4byte	0x37
 150 0037 02       		.uleb128 0x2
 151 0038 01       		.byte	0x1
 152 0039 08       		.byte	0x8
 153 003a 76000000 		.4byte	.LASF1
 154 003e 02       		.uleb128 0x2
 155 003f 02       		.byte	0x2
 156 0040 05       		.byte	0x5
 157 0041 D0020000 		.4byte	.LASF2
 158 0045 02       		.uleb128 0x2
 159 0046 02       		.byte	0x2
 160 0047 07       		.byte	0x7
 161 0048 B2000000 		.4byte	.LASF3
 162 004c 03       		.uleb128 0x3
 163 004d 25000000 		.4byte	.LASF5
 164 0051 02       		.byte	0x2
 165 0052 4D       		.byte	0x4d
 166 0053 57000000 		.4byte	0x57
 167 0057 02       		.uleb128 0x2
 168 0058 04       		.byte	0x4
 169 0059 05       		.byte	0x5
 170 005a ED020000 		.4byte	.LASF6
 171 005e 03       		.uleb128 0x3
ARM GAS  /tmp/cc2iBRX0.s 			page 4


 172 005f F2000000 		.4byte	.LASF7
 173 0063 02       		.byte	0x2
 174 0064 4F       		.byte	0x4f
 175 0065 69000000 		.4byte	0x69
 176 0069 02       		.uleb128 0x2
 177 006a 04       		.byte	0x4
 178 006b 07       		.byte	0x7
 179 006c 92000000 		.4byte	.LASF8
 180 0070 02       		.uleb128 0x2
 181 0071 08       		.byte	0x8
 182 0072 05       		.byte	0x5
 183 0073 A4020000 		.4byte	.LASF9
 184 0077 02       		.uleb128 0x2
 185 0078 08       		.byte	0x8
 186 0079 07       		.byte	0x7
 187 007a 30020000 		.4byte	.LASF10
 188 007e 04       		.uleb128 0x4
 189 007f 04       		.byte	0x4
 190 0080 05       		.byte	0x5
 191 0081 696E7400 		.ascii	"int\000"
 192 0085 02       		.uleb128 0x2
 193 0086 04       		.byte	0x4
 194 0087 07       		.byte	0x7
 195 0088 23020000 		.4byte	.LASF11
 196 008c 03       		.uleb128 0x3
 197 008d 47020000 		.4byte	.LASF12
 198 0091 03       		.byte	0x3
 199 0092 18       		.byte	0x18
 200 0093 2C000000 		.4byte	0x2c
 201 0097 05       		.uleb128 0x5
 202 0098 8C000000 		.4byte	0x8c
 203 009c 03       		.uleb128 0x3
 204 009d 93020000 		.4byte	.LASF13
 205 00a1 03       		.byte	0x3
 206 00a2 2C       		.byte	0x2c
 207 00a3 4C000000 		.4byte	0x4c
 208 00a7 06       		.uleb128 0x6
 209 00a8 9C000000 		.4byte	0x9c
 210 00ac 03       		.uleb128 0x3
 211 00ad E4020000 		.4byte	.LASF14
 212 00b1 03       		.byte	0x3
 213 00b2 30       		.byte	0x30
 214 00b3 5E000000 		.4byte	0x5e
 215 00b7 02       		.uleb128 0x2
 216 00b8 04       		.byte	0x4
 217 00b9 07       		.byte	0x7
 218 00ba 9B020000 		.4byte	.LASF15
 219 00be 07       		.uleb128 0x7
 220 00bf C5000000 		.4byte	.LASF16
 221 00c3 04       		.byte	0x4
 222 00c4 0408     		.2byte	0x804
 223 00c6 A7000000 		.4byte	0xa7
 224 00ca 08       		.uleb128 0x8
 225 00cb B2020000 		.4byte	.LASF17
 226 00cf 05       		.byte	0x5
 227 00d0 4C       		.byte	0x4c
 228 00d1 AC000000 		.4byte	0xac
ARM GAS  /tmp/cc2iBRX0.s 			page 5


 229 00d5 09       		.uleb128 0x9
 230 00d6 97000000 		.4byte	0x97
 231 00da E5000000 		.4byte	0xe5
 232 00de 0A       		.uleb128 0xa
 233 00df B7000000 		.4byte	0xb7
 234 00e3 0F       		.byte	0xf
 235 00e4 00       		.byte	0
 236 00e5 05       		.uleb128 0x5
 237 00e6 D5000000 		.4byte	0xd5
 238 00ea 08       		.uleb128 0x8
 239 00eb 84000000 		.4byte	.LASF18
 240 00ef 05       		.byte	0x5
 241 00f0 4E       		.byte	0x4e
 242 00f1 E5000000 		.4byte	0xe5
 243 00f5 09       		.uleb128 0x9
 244 00f6 97000000 		.4byte	0x97
 245 00fa 05010000 		.4byte	0x105
 246 00fe 0A       		.uleb128 0xa
 247 00ff B7000000 		.4byte	0xb7
 248 0103 07       		.byte	0x7
 249 0104 00       		.byte	0
 250 0105 05       		.uleb128 0x5
 251 0106 F5000000 		.4byte	0xf5
 252 010a 08       		.uleb128 0x8
 253 010b C2020000 		.4byte	.LASF19
 254 010f 05       		.byte	0x5
 255 0110 4F       		.byte	0x4f
 256 0111 05010000 		.4byte	0x105
 257 0115 0B       		.uleb128 0xb
 258 0116 10       		.byte	0x10
 259 0117 01       		.byte	0x1
 260 0118 35       		.byte	0x35
 261 0119 4E010000 		.4byte	0x14e
 262 011d 0C       		.uleb128 0xc
 263 011e 67000000 		.4byte	.LASF20
 264 0122 01       		.byte	0x1
 265 0123 36       		.byte	0x36
 266 0124 4E010000 		.4byte	0x14e
 267 0128 00       		.byte	0
 268 0129 0C       		.uleb128 0xc
 269 012a DA020000 		.4byte	.LASF21
 270 012e 01       		.byte	0x1
 271 012f 37       		.byte	0x37
 272 0130 4E010000 		.4byte	0x14e
 273 0134 04       		.byte	0x4
 274 0135 0C       		.uleb128 0xc
 275 0136 5C000000 		.4byte	.LASF22
 276 013a 01       		.byte	0x1
 277 013b 38       		.byte	0x38
 278 013c 4E010000 		.4byte	0x14e
 279 0140 08       		.byte	0x8
 280 0141 0C       		.uleb128 0xc
 281 0142 F6020000 		.4byte	.LASF23
 282 0146 01       		.byte	0x1
 283 0147 39       		.byte	0x39
 284 0148 4E010000 		.4byte	0x14e
 285 014c 0C       		.byte	0xc
ARM GAS  /tmp/cc2iBRX0.s 			page 6


 286 014d 00       		.byte	0
 287 014e 0D       		.uleb128 0xd
 288 014f 04       		.byte	0x4
 289 0150 AC000000 		.4byte	0xac
 290 0154 03       		.uleb128 0x3
 291 0155 2F000000 		.4byte	.LASF24
 292 0159 01       		.byte	0x1
 293 015a 3A       		.byte	0x3a
 294 015b 15010000 		.4byte	0x115
 295 015f 05       		.uleb128 0x5
 296 0160 54010000 		.4byte	0x154
 297 0164 08       		.uleb128 0x8
 298 0165 49000000 		.4byte	.LASF25
 299 0169 01       		.byte	0x1
 300 016a 41       		.byte	0x41
 301 016b AC000000 		.4byte	0xac
 302 016f 08       		.uleb128 0x8
 303 0170 A4000000 		.4byte	.LASF26
 304 0174 01       		.byte	0x1
 305 0175 41       		.byte	0x41
 306 0176 AC000000 		.4byte	0xac
 307 017a 08       		.uleb128 0x8
 308 017b 00000000 		.4byte	.LASF27
 309 017f 01       		.byte	0x1
 310 0180 41       		.byte	0x41
 311 0181 AC000000 		.4byte	0xac
 312 0185 08       		.uleb128 0x8
 313 0186 FD000000 		.4byte	.LASF28
 314 018a 01       		.byte	0x1
 315 018b 41       		.byte	0x41
 316 018c AC000000 		.4byte	0xac
 317 0190 09       		.uleb128 0x9
 318 0191 5F010000 		.4byte	0x15f
 319 0195 A0010000 		.4byte	0x1a0
 320 0199 0A       		.uleb128 0xa
 321 019a B7000000 		.4byte	0xb7
 322 019e 00       		.byte	0
 323 019f 00       		.byte	0
 324 01a0 05       		.uleb128 0x5
 325 01a1 90010000 		.4byte	0x190
 326 01a5 0E       		.uleb128 0xe
 327 01a6 3F000000 		.4byte	.LASF29
 328 01aa 01       		.byte	0x1
 329 01ab 5D       		.byte	0x5d
 330 01ac A0010000 		.4byte	0x1a0
 331 01b0 0F       		.uleb128 0xf
 332 01b1 E1000000 		.4byte	.LASF33
 333 01b5 01       		.byte	0x1
 334 01b6 C5       		.byte	0xc5
 335 01b7 00000000 		.4byte	.LFB132
 336 01bb 34000000 		.4byte	.LFE132-.LFB132
 337 01bf 01       		.uleb128 0x1
 338 01c0 9C       		.byte	0x9c
 339 01c1 EE010000 		.4byte	0x1ee
 340 01c5 10       		.uleb128 0x10
 341 01c6 72617000 		.ascii	"rap\000"
 342 01ca 01       		.byte	0x1
ARM GAS  /tmp/cc2iBRX0.s 			page 7


 343 01cb C7       		.byte	0xc7
 344 01cc EE010000 		.4byte	0x1ee
 345 01d0 11       		.uleb128 0x11
 346 01d1 00000000 		.4byte	.Ldebug_ranges0+0
 347 01d5 10       		.uleb128 0x10
 348 01d6 747000   		.ascii	"tp\000"
 349 01d9 01       		.byte	0x1
 350 01da CA       		.byte	0xca
 351 01db 4E010000 		.4byte	0x14e
 352 01df 12       		.uleb128 0x12
 353 01e0 7000     		.ascii	"p\000"
 354 01e2 01       		.byte	0x1
 355 01e3 CB       		.byte	0xcb
 356 01e4 4E010000 		.4byte	0x14e
 357 01e8 00000000 		.4byte	.LLST0
 358 01ec 00       		.byte	0
 359 01ed 00       		.byte	0
 360 01ee 0D       		.uleb128 0xd
 361 01ef 04       		.byte	0x4
 362 01f0 5F010000 		.4byte	0x15f
 363 01f4 13       		.uleb128 0x13
 364 01f5 D2000000 		.4byte	.LASF34
 365 01f9 01       		.byte	0x1
 366 01fa BB       		.byte	0xbb
 367 01fb 00000000 		.4byte	.LFB131
 368 01ff 02000000 		.4byte	.LFE131-.LFB131
 369 0203 01       		.uleb128 0x1
 370 0204 9C       		.byte	0x9c
 371 0205 14       		.uleb128 0x14
 372 0206 19000000 		.4byte	.LASF35
 373 020a 01       		.byte	0x1
 374 020b 89       		.byte	0x89
 375 020c 00000000 		.4byte	.LFB130
 376 0210 02000000 		.4byte	.LFE130-.LFB130
 377 0214 01       		.uleb128 0x1
 378 0215 9C       		.byte	0x9c
 379 0216 00       		.byte	0
 380              		.section	.debug_abbrev,"",%progbits
 381              	.Ldebug_abbrev0:
 382 0000 01       		.uleb128 0x1
 383 0001 11       		.uleb128 0x11
 384 0002 01       		.byte	0x1
 385 0003 25       		.uleb128 0x25
 386 0004 0E       		.uleb128 0xe
 387 0005 13       		.uleb128 0x13
 388 0006 0B       		.uleb128 0xb
 389 0007 03       		.uleb128 0x3
 390 0008 0E       		.uleb128 0xe
 391 0009 1B       		.uleb128 0x1b
 392 000a 0E       		.uleb128 0xe
 393 000b 55       		.uleb128 0x55
 394 000c 17       		.uleb128 0x17
 395 000d 11       		.uleb128 0x11
 396 000e 01       		.uleb128 0x1
 397 000f 10       		.uleb128 0x10
 398 0010 17       		.uleb128 0x17
 399 0011 00       		.byte	0
ARM GAS  /tmp/cc2iBRX0.s 			page 8


 400 0012 00       		.byte	0
 401 0013 02       		.uleb128 0x2
 402 0014 24       		.uleb128 0x24
 403 0015 00       		.byte	0
 404 0016 0B       		.uleb128 0xb
 405 0017 0B       		.uleb128 0xb
 406 0018 3E       		.uleb128 0x3e
 407 0019 0B       		.uleb128 0xb
 408 001a 03       		.uleb128 0x3
 409 001b 0E       		.uleb128 0xe
 410 001c 00       		.byte	0
 411 001d 00       		.byte	0
 412 001e 03       		.uleb128 0x3
 413 001f 16       		.uleb128 0x16
 414 0020 00       		.byte	0
 415 0021 03       		.uleb128 0x3
 416 0022 0E       		.uleb128 0xe
 417 0023 3A       		.uleb128 0x3a
 418 0024 0B       		.uleb128 0xb
 419 0025 3B       		.uleb128 0x3b
 420 0026 0B       		.uleb128 0xb
 421 0027 49       		.uleb128 0x49
 422 0028 13       		.uleb128 0x13
 423 0029 00       		.byte	0
 424 002a 00       		.byte	0
 425 002b 04       		.uleb128 0x4
 426 002c 24       		.uleb128 0x24
 427 002d 00       		.byte	0
 428 002e 0B       		.uleb128 0xb
 429 002f 0B       		.uleb128 0xb
 430 0030 3E       		.uleb128 0x3e
 431 0031 0B       		.uleb128 0xb
 432 0032 03       		.uleb128 0x3
 433 0033 08       		.uleb128 0x8
 434 0034 00       		.byte	0
 435 0035 00       		.byte	0
 436 0036 05       		.uleb128 0x5
 437 0037 26       		.uleb128 0x26
 438 0038 00       		.byte	0
 439 0039 49       		.uleb128 0x49
 440 003a 13       		.uleb128 0x13
 441 003b 00       		.byte	0
 442 003c 00       		.byte	0
 443 003d 06       		.uleb128 0x6
 444 003e 35       		.uleb128 0x35
 445 003f 00       		.byte	0
 446 0040 49       		.uleb128 0x49
 447 0041 13       		.uleb128 0x13
 448 0042 00       		.byte	0
 449 0043 00       		.byte	0
 450 0044 07       		.uleb128 0x7
 451 0045 34       		.uleb128 0x34
 452 0046 00       		.byte	0
 453 0047 03       		.uleb128 0x3
 454 0048 0E       		.uleb128 0xe
 455 0049 3A       		.uleb128 0x3a
 456 004a 0B       		.uleb128 0xb
ARM GAS  /tmp/cc2iBRX0.s 			page 9


 457 004b 3B       		.uleb128 0x3b
 458 004c 05       		.uleb128 0x5
 459 004d 49       		.uleb128 0x49
 460 004e 13       		.uleb128 0x13
 461 004f 3F       		.uleb128 0x3f
 462 0050 19       		.uleb128 0x19
 463 0051 3C       		.uleb128 0x3c
 464 0052 19       		.uleb128 0x19
 465 0053 00       		.byte	0
 466 0054 00       		.byte	0
 467 0055 08       		.uleb128 0x8
 468 0056 34       		.uleb128 0x34
 469 0057 00       		.byte	0
 470 0058 03       		.uleb128 0x3
 471 0059 0E       		.uleb128 0xe
 472 005a 3A       		.uleb128 0x3a
 473 005b 0B       		.uleb128 0xb
 474 005c 3B       		.uleb128 0x3b
 475 005d 0B       		.uleb128 0xb
 476 005e 49       		.uleb128 0x49
 477 005f 13       		.uleb128 0x13
 478 0060 3F       		.uleb128 0x3f
 479 0061 19       		.uleb128 0x19
 480 0062 3C       		.uleb128 0x3c
 481 0063 19       		.uleb128 0x19
 482 0064 00       		.byte	0
 483 0065 00       		.byte	0
 484 0066 09       		.uleb128 0x9
 485 0067 01       		.uleb128 0x1
 486 0068 01       		.byte	0x1
 487 0069 49       		.uleb128 0x49
 488 006a 13       		.uleb128 0x13
 489 006b 01       		.uleb128 0x1
 490 006c 13       		.uleb128 0x13
 491 006d 00       		.byte	0
 492 006e 00       		.byte	0
 493 006f 0A       		.uleb128 0xa
 494 0070 21       		.uleb128 0x21
 495 0071 00       		.byte	0
 496 0072 49       		.uleb128 0x49
 497 0073 13       		.uleb128 0x13
 498 0074 2F       		.uleb128 0x2f
 499 0075 0B       		.uleb128 0xb
 500 0076 00       		.byte	0
 501 0077 00       		.byte	0
 502 0078 0B       		.uleb128 0xb
 503 0079 13       		.uleb128 0x13
 504 007a 01       		.byte	0x1
 505 007b 0B       		.uleb128 0xb
 506 007c 0B       		.uleb128 0xb
 507 007d 3A       		.uleb128 0x3a
 508 007e 0B       		.uleb128 0xb
 509 007f 3B       		.uleb128 0x3b
 510 0080 0B       		.uleb128 0xb
 511 0081 01       		.uleb128 0x1
 512 0082 13       		.uleb128 0x13
 513 0083 00       		.byte	0
ARM GAS  /tmp/cc2iBRX0.s 			page 10


 514 0084 00       		.byte	0
 515 0085 0C       		.uleb128 0xc
 516 0086 0D       		.uleb128 0xd
 517 0087 00       		.byte	0
 518 0088 03       		.uleb128 0x3
 519 0089 0E       		.uleb128 0xe
 520 008a 3A       		.uleb128 0x3a
 521 008b 0B       		.uleb128 0xb
 522 008c 3B       		.uleb128 0x3b
 523 008d 0B       		.uleb128 0xb
 524 008e 49       		.uleb128 0x49
 525 008f 13       		.uleb128 0x13
 526 0090 38       		.uleb128 0x38
 527 0091 0B       		.uleb128 0xb
 528 0092 00       		.byte	0
 529 0093 00       		.byte	0
 530 0094 0D       		.uleb128 0xd
 531 0095 0F       		.uleb128 0xf
 532 0096 00       		.byte	0
 533 0097 0B       		.uleb128 0xb
 534 0098 0B       		.uleb128 0xb
 535 0099 49       		.uleb128 0x49
 536 009a 13       		.uleb128 0x13
 537 009b 00       		.byte	0
 538 009c 00       		.byte	0
 539 009d 0E       		.uleb128 0xe
 540 009e 34       		.uleb128 0x34
 541 009f 00       		.byte	0
 542 00a0 03       		.uleb128 0x3
 543 00a1 0E       		.uleb128 0xe
 544 00a2 3A       		.uleb128 0x3a
 545 00a3 0B       		.uleb128 0xb
 546 00a4 3B       		.uleb128 0x3b
 547 00a5 0B       		.uleb128 0xb
 548 00a6 49       		.uleb128 0x49
 549 00a7 13       		.uleb128 0x13
 550 00a8 00       		.byte	0
 551 00a9 00       		.byte	0
 552 00aa 0F       		.uleb128 0xf
 553 00ab 2E       		.uleb128 0x2e
 554 00ac 01       		.byte	0x1
 555 00ad 3F       		.uleb128 0x3f
 556 00ae 19       		.uleb128 0x19
 557 00af 03       		.uleb128 0x3
 558 00b0 0E       		.uleb128 0xe
 559 00b1 3A       		.uleb128 0x3a
 560 00b2 0B       		.uleb128 0xb
 561 00b3 3B       		.uleb128 0x3b
 562 00b4 0B       		.uleb128 0xb
 563 00b5 27       		.uleb128 0x27
 564 00b6 19       		.uleb128 0x19
 565 00b7 11       		.uleb128 0x11
 566 00b8 01       		.uleb128 0x1
 567 00b9 12       		.uleb128 0x12
 568 00ba 06       		.uleb128 0x6
 569 00bb 40       		.uleb128 0x40
 570 00bc 18       		.uleb128 0x18
ARM GAS  /tmp/cc2iBRX0.s 			page 11


 571 00bd 9742     		.uleb128 0x2117
 572 00bf 19       		.uleb128 0x19
 573 00c0 01       		.uleb128 0x1
 574 00c1 13       		.uleb128 0x13
 575 00c2 00       		.byte	0
 576 00c3 00       		.byte	0
 577 00c4 10       		.uleb128 0x10
 578 00c5 34       		.uleb128 0x34
 579 00c6 00       		.byte	0
 580 00c7 03       		.uleb128 0x3
 581 00c8 08       		.uleb128 0x8
 582 00c9 3A       		.uleb128 0x3a
 583 00ca 0B       		.uleb128 0xb
 584 00cb 3B       		.uleb128 0x3b
 585 00cc 0B       		.uleb128 0xb
 586 00cd 49       		.uleb128 0x49
 587 00ce 13       		.uleb128 0x13
 588 00cf 00       		.byte	0
 589 00d0 00       		.byte	0
 590 00d1 11       		.uleb128 0x11
 591 00d2 0B       		.uleb128 0xb
 592 00d3 01       		.byte	0x1
 593 00d4 55       		.uleb128 0x55
 594 00d5 17       		.uleb128 0x17
 595 00d6 00       		.byte	0
 596 00d7 00       		.byte	0
 597 00d8 12       		.uleb128 0x12
 598 00d9 34       		.uleb128 0x34
 599 00da 00       		.byte	0
 600 00db 03       		.uleb128 0x3
 601 00dc 08       		.uleb128 0x8
 602 00dd 3A       		.uleb128 0x3a
 603 00de 0B       		.uleb128 0xb
 604 00df 3B       		.uleb128 0x3b
 605 00e0 0B       		.uleb128 0xb
 606 00e1 49       		.uleb128 0x49
 607 00e2 13       		.uleb128 0x13
 608 00e3 02       		.uleb128 0x2
 609 00e4 17       		.uleb128 0x17
 610 00e5 00       		.byte	0
 611 00e6 00       		.byte	0
 612 00e7 13       		.uleb128 0x13
 613 00e8 2E       		.uleb128 0x2e
 614 00e9 00       		.byte	0
 615 00ea 3F       		.uleb128 0x3f
 616 00eb 19       		.uleb128 0x19
 617 00ec 03       		.uleb128 0x3
 618 00ed 0E       		.uleb128 0xe
 619 00ee 3A       		.uleb128 0x3a
 620 00ef 0B       		.uleb128 0xb
 621 00f0 3B       		.uleb128 0x3b
 622 00f1 0B       		.uleb128 0xb
 623 00f2 27       		.uleb128 0x27
 624 00f3 19       		.uleb128 0x19
 625 00f4 8701     		.uleb128 0x87
 626 00f6 19       		.uleb128 0x19
 627 00f7 11       		.uleb128 0x11
ARM GAS  /tmp/cc2iBRX0.s 			page 12


 628 00f8 01       		.uleb128 0x1
 629 00f9 12       		.uleb128 0x12
 630 00fa 06       		.uleb128 0x6
 631 00fb 40       		.uleb128 0x40
 632 00fc 18       		.uleb128 0x18
 633 00fd 9742     		.uleb128 0x2117
 634 00ff 19       		.uleb128 0x19
 635 0100 00       		.byte	0
 636 0101 00       		.byte	0
 637 0102 14       		.uleb128 0x14
 638 0103 2E       		.uleb128 0x2e
 639 0104 00       		.byte	0
 640 0105 3F       		.uleb128 0x3f
 641 0106 19       		.uleb128 0x19
 642 0107 03       		.uleb128 0x3
 643 0108 0E       		.uleb128 0xe
 644 0109 3A       		.uleb128 0x3a
 645 010a 0B       		.uleb128 0xb
 646 010b 3B       		.uleb128 0x3b
 647 010c 0B       		.uleb128 0xb
 648 010d 27       		.uleb128 0x27
 649 010e 19       		.uleb128 0x19
 650 010f 11       		.uleb128 0x11
 651 0110 01       		.uleb128 0x1
 652 0111 12       		.uleb128 0x12
 653 0112 06       		.uleb128 0x6
 654 0113 40       		.uleb128 0x40
 655 0114 18       		.uleb128 0x18
 656 0115 9742     		.uleb128 0x2117
 657 0117 19       		.uleb128 0x19
 658 0118 00       		.byte	0
 659 0119 00       		.byte	0
 660 011a 00       		.byte	0
 661              		.section	.debug_loc,"",%progbits
 662              	.Ldebug_loc0:
 663              	.LLST0:
 664 0000 06000000 		.4byte	.LVL1
 665 0004 34000000 		.4byte	.LFE132
 666 0008 0100     		.2byte	0x1
 667 000a 53       		.byte	0x53
 668 000b 00000000 		.4byte	0
 669 000f 00000000 		.4byte	0
 670              		.section	.debug_aranges,"",%progbits
 671 0000 2C000000 		.4byte	0x2c
 672 0004 0200     		.2byte	0x2
 673 0006 00000000 		.4byte	.Ldebug_info0
 674 000a 04       		.byte	0x4
 675 000b 00       		.byte	0
 676 000c 0000     		.2byte	0
 677 000e 0000     		.2byte	0
 678 0010 00000000 		.4byte	.LFB130
 679 0014 02000000 		.4byte	.LFE130-.LFB130
 680 0018 00000000 		.4byte	.LFB131
 681 001c 02000000 		.4byte	.LFE131-.LFB131
 682 0020 00000000 		.4byte	.LFB132
 683 0024 34000000 		.4byte	.LFE132-.LFB132
 684 0028 00000000 		.4byte	0
ARM GAS  /tmp/cc2iBRX0.s 			page 13


 685 002c 00000000 		.4byte	0
 686              		.section	.debug_ranges,"",%progbits
 687              	.Ldebug_ranges0:
 688 0000 02000000 		.4byte	.LBB2
 689 0004 12000000 		.4byte	.LBE2
 690 0008 14000000 		.4byte	.LBB3
 691 000c 34000000 		.4byte	.LBE3
 692 0010 00000000 		.4byte	0
 693 0014 00000000 		.4byte	0
 694 0018 00000000 		.4byte	.LFB130
 695 001c 02000000 		.4byte	.LFE130
 696 0020 00000000 		.4byte	.LFB131
 697 0024 02000000 		.4byte	.LFE131
 698 0028 00000000 		.4byte	.LFB132
 699 002c 34000000 		.4byte	.LFE132
 700 0030 00000000 		.4byte	0
 701 0034 00000000 		.4byte	0
 702              		.section	.debug_line,"",%progbits
 703              	.Ldebug_line0:
 704 0000 D3010000 		.section	.debug_str,"MS",%progbits,1
 704      02009301 
 704      00000201 
 704      FB0E0D00 
 704      01010101 
 705              	.LASF27:
 706 0000 5F5F7261 		.ascii	"__ram0_clear__\000"
 706      6D305F63 
 706      6C656172 
 706      5F5F00
 707              	.LASF4:
 708 000f 5F5F7569 		.ascii	"__uint8_t\000"
 708      6E74385F 
 708      7400
 709              	.LASF35:
 710 0019 5F5F636F 		.ascii	"__core_init\000"
 710      72655F69 
 710      6E697400 
 711              	.LASF5:
 712 0025 5F5F696E 		.ascii	"__int32_t\000"
 712      7433325F 
 712      7400
 713              	.LASF24:
 714 002f 72616D5F 		.ascii	"ram_init_area_t\000"
 714      696E6974 
 714      5F617265 
 714      615F7400 
 715              	.LASF29:
 716 003f 72616D5F 		.ascii	"ram_areas\000"
 716      61726561 
 716      7300
 717              	.LASF25:
 718 0049 5F5F7261 		.ascii	"__ram0_init_text__\000"
 718      6D305F69 
 718      6E69745F 
 718      74657874 
 718      5F5F00
 719              	.LASF22:
ARM GAS  /tmp/cc2iBRX0.s 			page 14


 720 005c 636C6561 		.ascii	"clear_area\000"
 720      725F6172 
 720      656100
 721              	.LASF20:
 722 0067 696E6974 		.ascii	"init_text_area\000"
 722      5F746578 
 722      745F6172 
 722      656100
 723              	.LASF1:
 724 0076 756E7369 		.ascii	"unsigned char\000"
 724      676E6564 
 724      20636861 
 724      7200
 725              	.LASF18:
 726 0084 41484250 		.ascii	"AHBPrescTable\000"
 726      72657363 
 726      5461626C 
 726      6500
 727              	.LASF8:
 728 0092 6C6F6E67 		.ascii	"long unsigned int\000"
 728      20756E73 
 728      69676E65 
 728      6420696E 
 728      7400
 729              	.LASF26:
 730 00a4 5F5F7261 		.ascii	"__ram0_init__\000"
 730      6D305F69 
 730      6E69745F 
 730      5F00
 731              	.LASF3:
 732 00b2 73686F72 		.ascii	"short unsigned int\000"
 732      7420756E 
 732      7369676E 
 732      65642069 
 732      6E7400
 733              	.LASF16:
 734 00c5 49544D5F 		.ascii	"ITM_RxBuffer\000"
 734      52784275 
 734      66666572 
 734      00
 735              	.LASF34:
 736 00d2 5F5F6465 		.ascii	"__default_exit\000"
 736      6661756C 
 736      745F6578 
 736      697400
 737              	.LASF33:
 738 00e1 5F5F696E 		.ascii	"__init_ram_areas\000"
 738      69745F72 
 738      616D5F61 
 738      72656173 
 738      00
 739              	.LASF7:
 740 00f2 5F5F7569 		.ascii	"__uint32_t\000"
 740      6E743332 
 740      5F7400
 741              	.LASF28:
 742 00fd 5F5F7261 		.ascii	"__ram0_noinit__\000"
ARM GAS  /tmp/cc2iBRX0.s 			page 15


 742      6D305F6E 
 742      6F696E69 
 742      745F5F00 
 743              	.LASF30:
 744 010d 474E5520 		.ascii	"GNU C11 6.3.1 20170620 (release) [ARM/embedded-6-br"
 744      43313120 
 744      362E332E 
 744      31203230 
 744      31373036 
 745 0140 616E6368 		.ascii	"anch revision 249437] -mcpu=cortex-m4 -mfloat-abi=h"
 745      20726576 
 745      6973696F 
 745      6E203234 
 745      39343337 
 746 0173 61726420 		.ascii	"ard -mfpu=fpv4-sp-d16 -mno-thumb-interwork -mthumb "
 746      2D6D6670 
 746      753D6670 
 746      76342D73 
 746      702D6431 
 747 01a6 2D67202D 		.ascii	"-g -Os -fomit-frame-pointer -falign-functions=16 -f"
 747      4F73202D 
 747      666F6D69 
 747      742D6672 
 747      616D652D 
 748 01d9 66756E63 		.ascii	"function-sections -fdata-sections -fno-common -fsin"
 748      74696F6E 
 748      2D736563 
 748      74696F6E 
 748      73202D66 
 749 020c 676C652D 		.ascii	"gle-precision-constant\000"
 749      70726563 
 749      6973696F 
 749      6E2D636F 
 749      6E737461 
 750              	.LASF11:
 751 0223 756E7369 		.ascii	"unsigned int\000"
 751      676E6564 
 751      20696E74 
 751      00
 752              	.LASF10:
 753 0230 6C6F6E67 		.ascii	"long long unsigned int\000"
 753      206C6F6E 
 753      6720756E 
 753      7369676E 
 753      65642069 
 754              	.LASF12:
 755 0247 75696E74 		.ascii	"uint8_t\000"
 755      385F7400 
 756              	.LASF31:
 757 024f 2E2E2F2E 		.ascii	"../../modules/ChibiOS/os/common/startup/ARMCMx/comp"
 757      2E2F6D6F 
 757      64756C65 
 757      732F4368 
 757      6962694F 
 758 0282 696C6572 		.ascii	"ilers/GCC/crt1.c\000"
 758      732F4743 
 758      432F6372 
ARM GAS  /tmp/cc2iBRX0.s 			page 16


 758      74312E63 
 758      00
 759              	.LASF13:
 760 0293 696E7433 		.ascii	"int32_t\000"
 760      325F7400 
 761              	.LASF15:
 762 029b 73697A65 		.ascii	"sizetype\000"
 762      74797065 
 762      00
 763              	.LASF9:
 764 02a4 6C6F6E67 		.ascii	"long long int\000"
 764      206C6F6E 
 764      6720696E 
 764      7400
 765              	.LASF17:
 766 02b2 53797374 		.ascii	"SystemCoreClock\000"
 766      656D436F 
 766      7265436C 
 766      6F636B00 
 767              	.LASF19:
 768 02c2 41504250 		.ascii	"APBPrescTable\000"
 768      72657363 
 768      5461626C 
 768      6500
 769              	.LASF2:
 770 02d0 73686F72 		.ascii	"short int\000"
 770      7420696E 
 770      7400
 771              	.LASF21:
 772 02da 696E6974 		.ascii	"init_area\000"
 772      5F617265 
 772      6100
 773              	.LASF14:
 774 02e4 75696E74 		.ascii	"uint32_t\000"
 774      33325F74 
 774      00
 775              	.LASF6:
 776 02ed 6C6F6E67 		.ascii	"long int\000"
 776      20696E74 
 776      00
 777              	.LASF23:
 778 02f6 6E6F5F69 		.ascii	"no_init_area\000"
 778      6E69745F 
 778      61726561 
 778      00
 779              	.LASF0:
 780 0303 7369676E 		.ascii	"signed char\000"
 780      65642063 
 780      68617200 
 781              	.LASF32:
 782 030f 2F686F6D 		.ascii	"/home/haggisaerospace/ardupilot/ardupilot/build/Cub"
 782      652F6861 
 782      67676973 
 782      6165726F 
 782      73706163 
 783 0342 65426C61 		.ascii	"eBlack\000"
 783      636B00
ARM GAS  /tmp/cc2iBRX0.s 			page 17


 784              		.ident	"GCC: (GNU Tools for ARM Embedded Processors 6-2017-q2-update) 6.3.1 20170620 (release) [AR
ARM GAS  /tmp/cc2iBRX0.s 			page 18


DEFINED SYMBOLS
                            *ABS*:0000000000000000 crt1.c
     /tmp/cc2iBRX0.s:18     .text.__core_init:0000000000000000 $t
     /tmp/cc2iBRX0.s:25     .text.__core_init:0000000000000000 __core_init
     /tmp/cc2iBRX0.s:38     .text.__default_exit:0000000000000000 $t
     /tmp/cc2iBRX0.s:45     .text.__default_exit:0000000000000000 __default_exit
     /tmp/cc2iBRX0.s:59     .text.__init_ram_areas:0000000000000000 $t
     /tmp/cc2iBRX0.s:66     .text.__init_ram_areas:0000000000000000 __init_ram_areas
     /tmp/cc2iBRX0.s:113    .text.__init_ram_areas:0000000000000024 $d
                     .debug_frame:0000000000000010 $d

UNDEFINED SYMBOLS
__ram0_init_text__
__ram0_init__
__ram0_clear__
__ram0_noinit__
