ARM GAS  /tmp/cci6EpEc.s 			page 1


   1              		.syntax unified
   2              		.cpu cortex-m4
   3              		.eabi_attribute 27, 1
   4              		.eabi_attribute 28, 1
   5              		.fpu fpv4-sp-d16
   6              		.eabi_attribute 20, 1
   7              		.eabi_attribute 21, 1
   8              		.eabi_attribute 23, 3
   9              		.eabi_attribute 24, 1
  10              		.eabi_attribute 25, 1
  11              		.eabi_attribute 26, 1
  12              		.eabi_attribute 30, 4
  13              		.eabi_attribute 34, 1
  14              		.eabi_attribute 18, 4
  15              		.thumb
  16              		.file	"hal.c"
  17              		.text
  18              	.Ltext0:
  19              		.cfi_sections	.debug_frame
  20              		.section	.text.halInit,"ax",%progbits
  21              		.align	1
  22              		.global	halInit
  23              		.thumb
  24              		.thumb_func
  25              		.type	halInit, %function
  26              	halInit:
  27              	.LFB323:
  28              		.file 1 "../../modules/ChibiOS/os/hal/src/hal.c"
  29              		.loc 1 56 0
  30              		.cfi_startproc
  31              		@ args = 0, pretend = 0, frame = 0
  32              		@ frame_needed = 0, uses_anonymous_args = 0
  33 0000 08B5     		push	{r3, lr}
  34              		.cfi_def_cfa_offset 8
  35              		.cfi_offset 3, -8
  36              		.cfi_offset 14, -4
  37              		.loc 1 62 0
  38 0002 FFF7FEFF 		bl	hal_lld_init
  39              	.LVL0:
  40              		.loc 1 66 0
  41 0006 FFF7FEFF 		bl	_pal_lld_init
  42              	.LVL1:
  43              		.loc 1 72 0
  44 000a FFF7FEFF 		bl	adcInit
  45              	.LVL2:
  46              		.loc 1 87 0
  47 000e FFF7FEFF 		bl	i2cInit
  48              	.LVL3:
  49              		.loc 1 102 0
  50 0012 FFF7FEFF 		bl	pwmInit
  51              	.LVL4:
  52              		.loc 1 105 0
  53 0016 FFF7FEFF 		bl	sdInit
  54              	.LVL5:
  55              		.loc 1 108 0
  56 001a FFF7FEFF 		bl	sdcInit
  57              	.LVL6:
ARM GAS  /tmp/cci6EpEc.s 			page 2


  58              		.loc 1 111 0
  59 001e FFF7FEFF 		bl	spiInit
  60              	.LVL7:
  61              		.loc 1 120 0
  62 0022 FFF7FEFF 		bl	usbInit
  63              	.LVL8:
  64              		.loc 1 126 0
  65 0026 FFF7FEFF 		bl	sduInit
  66              	.LVL9:
  67              		.loc 1 146 0
  68 002a FFF7FEFF 		bl	boardInit
  69              	.LVL10:
  70              		.loc 1 155 0
  71 002e BDE80840 		pop	{r3, lr}
  72              		.cfi_restore 14
  73              		.cfi_restore 3
  74              		.cfi_def_cfa_offset 0
  75              		.loc 1 153 0
  76 0032 FFF7FEBF 		b	stInit
  77              	.LVL11:
  78              		.cfi_endproc
  79              	.LFE323:
  80              		.size	halInit, .-halInit
  81              		.text
  82              	.Letext0:
  83              		.file 2 "/opt/gcc-arm-none-eabi-4_9-2015q3/arm-none-eabi/include/machine/_default_types.h"
  84              		.file 3 "/opt/gcc-arm-none-eabi-4_9-2015q3/arm-none-eabi/include/sys/_stdint.h"
  85              		.file 4 "../../modules/ChibiOS/os/common/ports/ARMCMx/compilers/GCC/chtypes.h"
  86              		.file 5 "../../modules/ChibiOS/os/rt/include/chsystypes.h"
  87              		.file 6 "../../modules/ChibiOS/os/rt/include/chschd.h"
  88              		.file 7 "../../modules/ChibiOS/os/rt/include/chtime.h"
  89              		.file 8 "../../modules/ChibiOS/os/common/ports/ARMCMx/chcore.h"
  90              		.file 9 "../../modules/ChibiOS/os/common/ports/ARMCMx/chcore_v7m.h"
  91              		.file 10 "../../modules/ChibiOS/os/rt/include/chtm.h"
  92              		.file 11 "../../modules/ChibiOS/os/rt/include/chstats.h"
  93              		.file 12 "../../modules/ChibiOS/os/rt/include/chsem.h"
  94              		.file 13 "../../modules/ChibiOS/os/rt/include/chmtx.h"
  95              		.file 14 "../../modules/ChibiOS/os/hal/ports/STM32/STM32F4xx/hal_lld_type1.h"
  96              		.file 15 "../../modules/ChibiOS/os/hal/ports/STM32/LLD/GPIOv2/hal_pal_lld.h"
  97              		.file 16 "../../modules/ChibiOS/os/hal/include/hal_adc.h"
  98              		.file 17 "../../modules/ChibiOS/os/hal/include/hal_i2c.h"
  99              		.file 18 "../../modules/ChibiOS/os/hal/include/hal_pwm.h"
 100              		.file 19 "../../modules/ChibiOS/os/hal/include/hal_serial.h"
 101              		.file 20 "../../modules/ChibiOS/os/hal/include/hal_sdc.h"
 102              		.file 21 "../../modules/ChibiOS/os/hal/include/hal_spi.h"
 103              		.file 22 "../../modules/ChibiOS/os/hal/include/hal_usb.h"
 104              		.file 23 "../../modules/ChibiOS/os/hal/include/hal_serial_usb.h"
 105              		.file 24 "../../libraries/AP_HAL_ChibiOS/hwdef/common/board.h"
 106              		.file 25 "../../modules/ChibiOS/os/hal/include/hal_st.h"
 107              		.file 26 "../../modules/ChibiOS/os/hal/osal/rt/osal.h"
 108              		.file 27 "../../modules/ChibiOS/os/common/ext/ARM/CMSIS/Core/Include/core_cm4.h"
 109              		.section	.debug_info,"",%progbits
 110              	.Ldebug_info0:
 111 0000 97080000 		.4byte	0x897
 112 0004 0400     		.2byte	0x4
 113 0006 00000000 		.4byte	.Ldebug_abbrev0
 114 000a 04       		.byte	0x4
ARM GAS  /tmp/cci6EpEc.s 			page 3


 115 000b 01       		.uleb128 0x1
 116 000c 1C000000 		.4byte	.LASF118
 117 0010 01       		.byte	0x1
 118 0011 A4040000 		.4byte	.LASF119
 119 0015 76020000 		.4byte	.LASF120
 120 0019 00000000 		.4byte	.Ldebug_ranges0+0
 121 001d 00000000 		.4byte	0
 122 0021 00000000 		.4byte	.Ldebug_line0
 123 0025 02       		.uleb128 0x2
 124 0026 04       		.byte	0x4
 125 0027 05       		.byte	0x5
 126 0028 696E7400 		.ascii	"int\000"
 127 002c 03       		.uleb128 0x3
 128 002d 04       		.byte	0x4
 129 002e 07       		.byte	0x7
 130 002f E8020000 		.4byte	.LASF0
 131 0033 03       		.uleb128 0x3
 132 0034 01       		.byte	0x1
 133 0035 06       		.byte	0x6
 134 0036 20020000 		.4byte	.LASF1
 135 003a 04       		.uleb128 0x4
 136 003b 55010000 		.4byte	.LASF5
 137 003f 02       		.byte	0x2
 138 0040 1D       		.byte	0x1d
 139 0041 45000000 		.4byte	0x45
 140 0045 03       		.uleb128 0x3
 141 0046 01       		.byte	0x1
 142 0047 08       		.byte	0x8
 143 0048 8E040000 		.4byte	.LASF2
 144 004c 03       		.uleb128 0x3
 145 004d 02       		.byte	0x2
 146 004e 05       		.byte	0x5
 147 004f CB040000 		.4byte	.LASF3
 148 0053 03       		.uleb128 0x3
 149 0054 02       		.byte	0x2
 150 0055 07       		.byte	0x7
 151 0056 1C030000 		.4byte	.LASF4
 152 005a 04       		.uleb128 0x4
 153 005b A1030000 		.4byte	.LASF6
 154 005f 02       		.byte	0x2
 155 0060 3F       		.byte	0x3f
 156 0061 65000000 		.4byte	0x65
 157 0065 03       		.uleb128 0x3
 158 0066 04       		.byte	0x4
 159 0067 05       		.byte	0x5
 160 0068 42020000 		.4byte	.LASF7
 161 006c 04       		.uleb128 0x4
 162 006d 62020000 		.4byte	.LASF8
 163 0071 02       		.byte	0x2
 164 0072 41       		.byte	0x41
 165 0073 77000000 		.4byte	0x77
 166 0077 03       		.uleb128 0x3
 167 0078 04       		.byte	0x4
 168 0079 07       		.byte	0x7
 169 007a 3D050000 		.4byte	.LASF9
 170 007e 03       		.uleb128 0x3
 171 007f 08       		.byte	0x8
ARM GAS  /tmp/cci6EpEc.s 			page 4


 172 0080 05       		.byte	0x5
 173 0081 12020000 		.4byte	.LASF10
 174 0085 04       		.uleb128 0x4
 175 0086 33040000 		.4byte	.LASF11
 176 008a 02       		.byte	0x2
 177 008b 5B       		.byte	0x5b
 178 008c 90000000 		.4byte	0x90
 179 0090 03       		.uleb128 0x3
 180 0091 08       		.byte	0x8
 181 0092 07       		.byte	0x7
 182 0093 A9010000 		.4byte	.LASF12
 183 0097 04       		.uleb128 0x4
 184 0098 DD050000 		.4byte	.LASF13
 185 009c 03       		.byte	0x3
 186 009d 14       		.byte	0x14
 187 009e 3A000000 		.4byte	0x3a
 188 00a2 04       		.uleb128 0x4
 189 00a3 86040000 		.4byte	.LASF14
 190 00a7 03       		.byte	0x3
 191 00a8 1F       		.byte	0x1f
 192 00a9 5A000000 		.4byte	0x5a
 193 00ad 04       		.uleb128 0x4
 194 00ae 17050000 		.4byte	.LASF15
 195 00b2 03       		.byte	0x3
 196 00b3 20       		.byte	0x20
 197 00b4 6C000000 		.4byte	0x6c
 198 00b8 04       		.uleb128 0x4
 199 00b9 3F010000 		.4byte	.LASF16
 200 00bd 03       		.byte	0x3
 201 00be 26       		.byte	0x26
 202 00bf 85000000 		.4byte	0x85
 203 00c3 04       		.uleb128 0x4
 204 00c4 A8050000 		.4byte	.LASF17
 205 00c8 04       		.byte	0x4
 206 00c9 27       		.byte	0x27
 207 00ca AD000000 		.4byte	0xad
 208 00ce 04       		.uleb128 0x4
 209 00cf 09020000 		.4byte	.LASF18
 210 00d3 04       		.byte	0x4
 211 00d4 28       		.byte	0x28
 212 00d5 B8000000 		.4byte	0xb8
 213 00d9 04       		.uleb128 0x4
 214 00da 74030000 		.4byte	.LASF19
 215 00de 04       		.byte	0x4
 216 00df 2A       		.byte	0x2a
 217 00e0 97000000 		.4byte	0x97
 218 00e4 04       		.uleb128 0x4
 219 00e5 4B020000 		.4byte	.LASF20
 220 00e9 04       		.byte	0x4
 221 00ea 2B       		.byte	0x2b
 222 00eb 97000000 		.4byte	0x97
 223 00ef 04       		.uleb128 0x4
 224 00f0 49040000 		.4byte	.LASF21
 225 00f4 04       		.byte	0x4
 226 00f5 2C       		.byte	0x2c
 227 00f6 97000000 		.4byte	0x97
 228 00fa 04       		.uleb128 0x4
ARM GAS  /tmp/cci6EpEc.s 			page 5


 229 00fb 6F040000 		.4byte	.LASF22
 230 00ff 04       		.byte	0x4
 231 0100 2E       		.byte	0x2e
 232 0101 AD000000 		.4byte	0xad
 233 0105 04       		.uleb128 0x4
 234 0106 4D030000 		.4byte	.LASF23
 235 010a 04       		.byte	0x4
 236 010b 2F       		.byte	0x2f
 237 010c A2000000 		.4byte	0xa2
 238 0110 04       		.uleb128 0x4
 239 0111 95030000 		.4byte	.LASF24
 240 0115 04       		.byte	0x4
 241 0116 31       		.byte	0x31
 242 0117 AD000000 		.4byte	0xad
 243 011b 04       		.uleb128 0x4
 244 011c E2020000 		.4byte	.LASF25
 245 0120 04       		.byte	0x4
 246 0121 33       		.byte	0x33
 247 0122 A2000000 		.4byte	0xa2
 248 0126 04       		.uleb128 0x4
 249 0127 58030000 		.4byte	.LASF26
 250 012b 04       		.byte	0x4
 251 012c 34       		.byte	0x34
 252 012d AD000000 		.4byte	0xad
 253 0131 04       		.uleb128 0x4
 254 0132 69050000 		.4byte	.LASF27
 255 0136 05       		.byte	0x5
 256 0137 34       		.byte	0x34
 257 0138 3C010000 		.4byte	0x13c
 258 013c 05       		.uleb128 0x5
 259 013d 43030000 		.4byte	.LASF46
 260 0141 60       		.byte	0x60
 261 0142 06       		.byte	0x6
 262 0143 8E       		.byte	0x8e
 263 0144 27020000 		.4byte	0x227
 264 0148 06       		.uleb128 0x6
 265 0149 10030000 		.4byte	.LASF28
 266 014d 06       		.byte	0x6
 267 014e 8F       		.byte	0x8f
 268 014f 5C020000 		.4byte	0x25c
 269 0153 00       		.byte	0
 270 0154 06       		.uleb128 0x6
 271 0155 26040000 		.4byte	.LASF29
 272 0159 06       		.byte	0x6
 273 015a 90       		.byte	0x90
 274 015b FA000000 		.4byte	0xfa
 275 015f 08       		.byte	0x8
 276 0160 07       		.uleb128 0x7
 277 0161 63747800 		.ascii	"ctx\000"
 278 0165 06       		.byte	0x6
 279 0166 91       		.byte	0x91
 280 0167 77040000 		.4byte	0x477
 281 016b 0C       		.byte	0xc
 282 016c 06       		.uleb128 0x6
 283 016d BE030000 		.4byte	.LASF30
 284 0171 06       		.byte	0x6
 285 0172 93       		.byte	0x93
ARM GAS  /tmp/cci6EpEc.s 			page 6


 286 0173 32020000 		.4byte	0x232
 287 0177 10       		.byte	0x10
 288 0178 06       		.uleb128 0x6
 289 0179 5B050000 		.4byte	.LASF31
 290 017d 06       		.byte	0x6
 291 017e 94       		.byte	0x94
 292 017f 32020000 		.4byte	0x232
 293 0183 14       		.byte	0x14
 294 0184 06       		.uleb128 0x6
 295 0185 3E030000 		.4byte	.LASF32
 296 0189 06       		.byte	0x6
 297 018a 9B       		.byte	0x9b
 298 018b 5D070000 		.4byte	0x75d
 299 018f 18       		.byte	0x18
 300 0190 06       		.uleb128 0x6
 301 0191 4F050000 		.4byte	.LASF33
 302 0195 06       		.byte	0x6
 303 0196 A4       		.byte	0xa4
 304 0197 6F070000 		.4byte	0x76f
 305 019b 1C       		.byte	0x1c
 306 019c 06       		.uleb128 0x6
 307 019d 3C020000 		.4byte	.LASF34
 308 01a1 06       		.byte	0x6
 309 01a2 A9       		.byte	0xa9
 310 01a3 E4000000 		.4byte	0xe4
 311 01a7 20       		.byte	0x20
 312 01a8 06       		.uleb128 0x6
 313 01a9 E5050000 		.4byte	.LASF35
 314 01ad 06       		.byte	0x6
 315 01ae AD       		.byte	0xad
 316 01af D9000000 		.4byte	0xd9
 317 01b3 21       		.byte	0x21
 318 01b4 06       		.uleb128 0x6
 319 01b5 51040000 		.4byte	.LASF36
 320 01b9 06       		.byte	0x6
 321 01ba B2       		.byte	0xb2
 322 01bb EF000000 		.4byte	0xef
 323 01bf 22       		.byte	0x22
 324 01c0 08       		.uleb128 0x8
 325 01c1 7500     		.ascii	"u\000"
 326 01c3 06       		.byte	0x6
 327 01c4 0301     		.2byte	0x103
 328 01c6 93060000 		.4byte	0x693
 329 01ca 24       		.byte	0x24
 330 01cb 09       		.uleb128 0x9
 331 01cc C4020000 		.4byte	.LASF37
 332 01d0 06       		.byte	0x6
 333 01d1 0801     		.2byte	0x108
 334 01d3 38020000 		.4byte	0x238
 335 01d7 28       		.byte	0x28
 336 01d8 09       		.uleb128 0x9
 337 01d9 33020000 		.4byte	.LASF38
 338 01dd 06       		.byte	0x6
 339 01de 0E01     		.2byte	0x10e
 340 01e0 5C020000 		.4byte	0x25c
 341 01e4 2C       		.byte	0x2c
 342 01e5 09       		.uleb128 0x9
ARM GAS  /tmp/cci6EpEc.s 			page 7


 343 01e6 5F030000 		.4byte	.LASF39
 344 01ea 06       		.byte	0x6
 345 01eb 1401     		.2byte	0x114
 346 01ed 10010000 		.4byte	0x110
 347 01f1 34       		.byte	0x34
 348 01f2 09       		.uleb128 0x9
 349 01f3 10060000 		.4byte	.LASF40
 350 01f7 06       		.byte	0x6
 351 01f8 1B01     		.2byte	0x11b
 352 01fa 57070000 		.4byte	0x757
 353 01fe 38       		.byte	0x38
 354 01ff 09       		.uleb128 0x9
 355 0200 CC030000 		.4byte	.LASF41
 356 0204 06       		.byte	0x6
 357 0205 1F01     		.2byte	0x11f
 358 0207 FA000000 		.4byte	0xfa
 359 020b 3C       		.byte	0x3c
 360 020c 09       		.uleb128 0x9
 361 020d 16030000 		.4byte	.LASF42
 362 0211 06       		.byte	0x6
 363 0212 2601     		.2byte	0x126
 364 0214 0F030000 		.4byte	0x30f
 365 0218 40       		.byte	0x40
 366 0219 09       		.uleb128 0x9
 367 021a 5C020000 		.4byte	.LASF43
 368 021e 06       		.byte	0x6
 369 021f 2C01     		.2byte	0x12c
 370 0221 44060000 		.4byte	0x644
 371 0225 48       		.byte	0x48
 372 0226 00       		.byte	0
 373 0227 04       		.uleb128 0x4
 374 0228 DE030000 		.4byte	.LASF44
 375 022c 05       		.byte	0x5
 376 022d 39       		.byte	0x39
 377 022e 32020000 		.4byte	0x232
 378 0232 0A       		.uleb128 0xa
 379 0233 04       		.byte	0x4
 380 0234 31010000 		.4byte	0x131
 381 0238 04       		.uleb128 0x4
 382 0239 F2050000 		.4byte	.LASF45
 383 023d 05       		.byte	0x5
 384 023e 3E       		.byte	0x3e
 385 023f 43020000 		.4byte	0x243
 386 0243 05       		.uleb128 0x5
 387 0244 27050000 		.4byte	.LASF47
 388 0248 04       		.byte	0x4
 389 0249 06       		.byte	0x6
 390 024a 7C       		.byte	0x7c
 391 024b 5C020000 		.4byte	0x25c
 392 024f 06       		.uleb128 0x6
 393 0250 04020000 		.4byte	.LASF48
 394 0254 06       		.byte	0x6
 395 0255 7D       		.byte	0x7d
 396 0256 32020000 		.4byte	0x232
 397 025a 00       		.byte	0
 398 025b 00       		.byte	0
 399 025c 04       		.uleb128 0x4
ARM GAS  /tmp/cci6EpEc.s 			page 8


 400 025d B0050000 		.4byte	.LASF49
 401 0261 05       		.byte	0x5
 402 0262 45       		.byte	0x45
 403 0263 67020000 		.4byte	0x267
 404 0267 05       		.uleb128 0x5
 405 0268 70010000 		.4byte	.LASF50
 406 026c 08       		.byte	0x8
 407 026d 06       		.byte	0x6
 408 026e 83       		.byte	0x83
 409 026f 8C020000 		.4byte	0x28c
 410 0273 06       		.uleb128 0x6
 411 0274 04020000 		.4byte	.LASF48
 412 0278 06       		.byte	0x6
 413 0279 84       		.byte	0x84
 414 027a 32020000 		.4byte	0x232
 415 027e 00       		.byte	0
 416 027f 06       		.uleb128 0x6
 417 0280 5F010000 		.4byte	.LASF51
 418 0284 06       		.byte	0x6
 419 0285 85       		.byte	0x85
 420 0286 32020000 		.4byte	0x232
 421 028a 04       		.byte	0x4
 422 028b 00       		.byte	0
 423 028c 04       		.uleb128 0x4
 424 028d 00000000 		.4byte	.LASF52
 425 0291 05       		.byte	0x5
 426 0292 4C       		.byte	0x4c
 427 0293 97020000 		.4byte	0x297
 428 0297 0B       		.uleb128 0xb
 429 0298 87030000 		.4byte	.LASF53
 430 029c 1C       		.byte	0x1c
 431 029d 06       		.byte	0x6
 432 029e 5E01     		.2byte	0x15e
 433 02a0 F3020000 		.4byte	0x2f3
 434 02a4 09       		.uleb128 0x9
 435 02a5 10030000 		.4byte	.LASF28
 436 02a9 06       		.byte	0x6
 437 02aa 5F01     		.2byte	0x15f
 438 02ac 5C020000 		.4byte	0x25c
 439 02b0 00       		.byte	0
 440 02b1 09       		.uleb128 0x9
 441 02b2 26040000 		.4byte	.LASF29
 442 02b6 06       		.byte	0x6
 443 02b7 6001     		.2byte	0x160
 444 02b9 FA000000 		.4byte	0xfa
 445 02bd 08       		.byte	0x8
 446 02be 08       		.uleb128 0x8
 447 02bf 63747800 		.ascii	"ctx\000"
 448 02c3 06       		.byte	0x6
 449 02c4 6201     		.2byte	0x162
 450 02c6 77040000 		.4byte	0x477
 451 02ca 0C       		.byte	0xc
 452 02cb 09       		.uleb128 0x9
 453 02cc BE030000 		.4byte	.LASF30
 454 02d0 06       		.byte	0x6
 455 02d1 6501     		.2byte	0x165
 456 02d3 32020000 		.4byte	0x232
ARM GAS  /tmp/cci6EpEc.s 			page 9


 457 02d7 10       		.byte	0x10
 458 02d8 09       		.uleb128 0x9
 459 02d9 5B050000 		.4byte	.LASF31
 460 02dd 06       		.byte	0x6
 461 02de 6601     		.2byte	0x166
 462 02e0 32020000 		.4byte	0x232
 463 02e4 14       		.byte	0x14
 464 02e5 09       		.uleb128 0x9
 465 02e6 2B040000 		.4byte	.LASF54
 466 02ea 06       		.byte	0x6
 467 02eb 6901     		.2byte	0x169
 468 02ed 32020000 		.4byte	0x232
 469 02f1 18       		.byte	0x18
 470 02f2 00       		.byte	0
 471 02f3 04       		.uleb128 0x4
 472 02f4 81050000 		.4byte	.LASF55
 473 02f8 05       		.byte	0x5
 474 02f9 51       		.byte	0x51
 475 02fa FE020000 		.4byte	0x2fe
 476 02fe 0A       		.uleb128 0xa
 477 02ff 04       		.byte	0x4
 478 0300 04030000 		.4byte	0x304
 479 0304 0C       		.uleb128 0xc
 480 0305 0F030000 		.4byte	0x30f
 481 0309 0D       		.uleb128 0xd
 482 030a 0F030000 		.4byte	0x30f
 483 030e 00       		.byte	0
 484 030f 0E       		.uleb128 0xe
 485 0310 04       		.byte	0x4
 486 0311 04       		.uleb128 0x4
 487 0312 56040000 		.4byte	.LASF56
 488 0316 05       		.byte	0x5
 489 0317 56       		.byte	0x56
 490 0318 1C030000 		.4byte	0x31c
 491 031c 0B       		.uleb128 0xb
 492 031d F9040000 		.4byte	.LASF57
 493 0321 14       		.byte	0x14
 494 0322 06       		.byte	0x6
 495 0323 3901     		.2byte	0x139
 496 0325 6B030000 		.4byte	0x36b
 497 0329 09       		.uleb128 0x9
 498 032a 04020000 		.4byte	.LASF48
 499 032e 06       		.byte	0x6
 500 032f 3A01     		.2byte	0x13a
 501 0331 75070000 		.4byte	0x775
 502 0335 00       		.byte	0
 503 0336 09       		.uleb128 0x9
 504 0337 5F010000 		.4byte	.LASF51
 505 033b 06       		.byte	0x6
 506 033c 3B01     		.2byte	0x13b
 507 033e 75070000 		.4byte	0x775
 508 0342 04       		.byte	0x4
 509 0343 09       		.uleb128 0x9
 510 0344 32010000 		.4byte	.LASF58
 511 0348 06       		.byte	0x6
 512 0349 3C01     		.2byte	0x13c
 513 034b 4F040000 		.4byte	0x44f
ARM GAS  /tmp/cci6EpEc.s 			page 10


 514 034f 08       		.byte	0x8
 515 0350 09       		.uleb128 0x9
 516 0351 FF010000 		.4byte	.LASF59
 517 0355 06       		.byte	0x6
 518 0356 3D01     		.2byte	0x13d
 519 0358 F3020000 		.4byte	0x2f3
 520 035c 0C       		.byte	0xc
 521 035d 08       		.uleb128 0x8
 522 035e 70617200 		.ascii	"par\000"
 523 0362 06       		.byte	0x6
 524 0363 3F01     		.2byte	0x13f
 525 0365 0F030000 		.4byte	0x30f
 526 0369 10       		.byte	0x10
 527 036a 00       		.byte	0
 528 036b 04       		.uleb128 0x4
 529 036c DC010000 		.4byte	.LASF60
 530 0370 05       		.byte	0x5
 531 0371 5B       		.byte	0x5b
 532 0372 76030000 		.4byte	0x376
 533 0376 0B       		.uleb128 0xb
 534 0377 F1030000 		.4byte	.LASF61
 535 037b 10       		.byte	0x10
 536 037c 06       		.byte	0x6
 537 037d 4901     		.2byte	0x149
 538 037f B8030000 		.4byte	0x3b8
 539 0383 09       		.uleb128 0x9
 540 0384 04020000 		.4byte	.LASF48
 541 0388 06       		.byte	0x6
 542 0389 4A01     		.2byte	0x14a
 543 038b 75070000 		.4byte	0x775
 544 038f 00       		.byte	0
 545 0390 09       		.uleb128 0x9
 546 0391 5F010000 		.4byte	.LASF51
 547 0395 06       		.byte	0x6
 548 0396 4C01     		.2byte	0x14c
 549 0398 75070000 		.4byte	0x775
 550 039c 04       		.byte	0x4
 551 039d 09       		.uleb128 0x9
 552 039e 32010000 		.4byte	.LASF58
 553 03a2 06       		.byte	0x6
 554 03a3 4E01     		.2byte	0x14e
 555 03a5 4F040000 		.4byte	0x44f
 556 03a9 08       		.byte	0x8
 557 03aa 09       		.uleb128 0x9
 558 03ab D5040000 		.4byte	.LASF62
 559 03af 06       		.byte	0x6
 560 03b0 5601     		.2byte	0x156
 561 03b2 44040000 		.4byte	0x444
 562 03b6 0C       		.byte	0xc
 563 03b7 00       		.byte	0
 564 03b8 04       		.uleb128 0x4
 565 03b9 81010000 		.4byte	.LASF63
 566 03bd 05       		.byte	0x5
 567 03be 60       		.byte	0x60
 568 03bf C3030000 		.4byte	0x3c3
 569 03c3 0B       		.uleb128 0xb
 570 03c4 B4020000 		.4byte	.LASF64
ARM GAS  /tmp/cci6EpEc.s 			page 11


 571 03c8 04       		.byte	0x4
 572 03c9 06       		.byte	0x6
 573 03ca 7001     		.2byte	0x170
 574 03cc DE030000 		.4byte	0x3de
 575 03d0 09       		.uleb128 0x9
 576 03d1 8A050000 		.4byte	.LASF65
 577 03d5 06       		.byte	0x6
 578 03d6 7801     		.2byte	0x178
 579 03d8 7B070000 		.4byte	0x77b
 580 03dc 00       		.byte	0
 581 03dd 00       		.byte	0
 582 03de 04       		.uleb128 0x4
 583 03df 68030000 		.4byte	.LASF66
 584 03e3 05       		.byte	0x5
 585 03e4 65       		.byte	0x65
 586 03e5 E9030000 		.4byte	0x3e9
 587 03e9 0B       		.uleb128 0xb
 588 03ea EF040000 		.4byte	.LASF67
 589 03ee D0       		.byte	0xd0
 590 03ef 06       		.byte	0x6
 591 03f0 9001     		.2byte	0x190
 592 03f2 44040000 		.4byte	0x444
 593 03f6 09       		.uleb128 0x9
 594 03f7 D7050000 		.4byte	.LASF68
 595 03fb 06       		.byte	0x6
 596 03fc 9401     		.2byte	0x194
 597 03fe 8C020000 		.4byte	0x28c
 598 0402 00       		.byte	0
 599 0403 09       		.uleb128 0x9
 600 0404 2C020000 		.4byte	.LASF69
 601 0408 06       		.byte	0x6
 602 0409 9801     		.2byte	0x198
 603 040b 6B030000 		.4byte	0x36b
 604 040f 1C       		.byte	0x1c
 605 0410 08       		.uleb128 0x8
 606 0411 64626700 		.ascii	"dbg\000"
 607 0415 06       		.byte	0x6
 608 0416 9C01     		.2byte	0x19c
 609 0418 B8030000 		.4byte	0x3b8
 610 041c 2C       		.byte	0x2c
 611 041d 09       		.uleb128 0x9
 612 041e C9010000 		.4byte	.LASF70
 613 0422 06       		.byte	0x6
 614 0423 A001     		.2byte	0x1a0
 615 0425 31010000 		.4byte	0x131
 616 0429 30       		.byte	0x30
 617 042a 08       		.uleb128 0x8
 618 042b 746D00   		.ascii	"tm\000"
 619 042e 06       		.byte	0x6
 620 042f A501     		.2byte	0x1a5
 621 0431 F6050000 		.4byte	0x5f6
 622 0435 90       		.byte	0x90
 623 0436 09       		.uleb128 0x9
 624 0437 48010000 		.4byte	.LASF71
 625 043b 06       		.byte	0x6
 626 043c AB01     		.2byte	0x1ab
 627 043e 88060000 		.4byte	0x688
ARM GAS  /tmp/cci6EpEc.s 			page 12


 628 0442 98       		.byte	0x98
 629 0443 00       		.byte	0
 630 0444 04       		.uleb128 0x4
 631 0445 77050000 		.4byte	.LASF72
 632 0449 07       		.byte	0x7
 633 044a 6D       		.byte	0x6d
 634 044b AD000000 		.4byte	0xad
 635 044f 04       		.uleb128 0x4
 636 0450 D4020000 		.4byte	.LASF73
 637 0454 07       		.byte	0x7
 638 0455 79       		.byte	0x79
 639 0456 AD000000 		.4byte	0xad
 640 045a 03       		.uleb128 0x3
 641 045b 04       		.byte	0x4
 642 045c 07       		.byte	0x7
 643 045d D5030000 		.4byte	.LASF74
 644 0461 04       		.uleb128 0x4
 645 0462 6D020000 		.4byte	.LASF75
 646 0466 08       		.byte	0x8
 647 0467 65       		.byte	0x65
 648 0468 0F030000 		.4byte	0x30f
 649 046c 04       		.uleb128 0x4
 650 046d B3030000 		.4byte	.LASF76
 651 0471 08       		.byte	0x8
 652 0472 6D       		.byte	0x6d
 653 0473 B8000000 		.4byte	0xb8
 654 0477 05       		.uleb128 0x5
 655 0478 08040000 		.4byte	.LASF77
 656 047c 04       		.byte	0x4
 657 047d 08       		.byte	0x8
 658 047e 89       		.byte	0x89
 659 047f 8F040000 		.4byte	0x48f
 660 0483 07       		.uleb128 0x7
 661 0484 737000   		.ascii	"sp\000"
 662 0487 08       		.byte	0x8
 663 0488 8A       		.byte	0x8a
 664 0489 DB050000 		.4byte	0x5db
 665 048d 00       		.byte	0
 666 048e 00       		.byte	0
 667 048f 0B       		.uleb128 0xb
 668 0490 64010000 		.4byte	.LASF78
 669 0494 64       		.byte	0x64
 670 0495 09       		.byte	0x9
 671 0496 5901     		.2byte	0x159
 672 0498 DB050000 		.4byte	0x5db
 673 049c 08       		.uleb128 0x8
 674 049d 73313600 		.ascii	"s16\000"
 675 04a1 09       		.byte	0x9
 676 04a2 5B01     		.2byte	0x15b
 677 04a4 61040000 		.4byte	0x461
 678 04a8 00       		.byte	0
 679 04a9 08       		.uleb128 0x8
 680 04aa 73313700 		.ascii	"s17\000"
 681 04ae 09       		.byte	0x9
 682 04af 5C01     		.2byte	0x15c
 683 04b1 61040000 		.4byte	0x461
 684 04b5 04       		.byte	0x4
ARM GAS  /tmp/cci6EpEc.s 			page 13


 685 04b6 08       		.uleb128 0x8
 686 04b7 73313800 		.ascii	"s18\000"
 687 04bb 09       		.byte	0x9
 688 04bc 5D01     		.2byte	0x15d
 689 04be 61040000 		.4byte	0x461
 690 04c2 08       		.byte	0x8
 691 04c3 08       		.uleb128 0x8
 692 04c4 73313900 		.ascii	"s19\000"
 693 04c8 09       		.byte	0x9
 694 04c9 5E01     		.2byte	0x15e
 695 04cb 61040000 		.4byte	0x461
 696 04cf 0C       		.byte	0xc
 697 04d0 08       		.uleb128 0x8
 698 04d1 73323000 		.ascii	"s20\000"
 699 04d5 09       		.byte	0x9
 700 04d6 5F01     		.2byte	0x15f
 701 04d8 61040000 		.4byte	0x461
 702 04dc 10       		.byte	0x10
 703 04dd 08       		.uleb128 0x8
 704 04de 73323100 		.ascii	"s21\000"
 705 04e2 09       		.byte	0x9
 706 04e3 6001     		.2byte	0x160
 707 04e5 61040000 		.4byte	0x461
 708 04e9 14       		.byte	0x14
 709 04ea 08       		.uleb128 0x8
 710 04eb 73323200 		.ascii	"s22\000"
 711 04ef 09       		.byte	0x9
 712 04f0 6101     		.2byte	0x161
 713 04f2 61040000 		.4byte	0x461
 714 04f6 18       		.byte	0x18
 715 04f7 08       		.uleb128 0x8
 716 04f8 73323300 		.ascii	"s23\000"
 717 04fc 09       		.byte	0x9
 718 04fd 6201     		.2byte	0x162
 719 04ff 61040000 		.4byte	0x461
 720 0503 1C       		.byte	0x1c
 721 0504 08       		.uleb128 0x8
 722 0505 73323400 		.ascii	"s24\000"
 723 0509 09       		.byte	0x9
 724 050a 6301     		.2byte	0x163
 725 050c 61040000 		.4byte	0x461
 726 0510 20       		.byte	0x20
 727 0511 08       		.uleb128 0x8
 728 0512 73323500 		.ascii	"s25\000"
 729 0516 09       		.byte	0x9
 730 0517 6401     		.2byte	0x164
 731 0519 61040000 		.4byte	0x461
 732 051d 24       		.byte	0x24
 733 051e 08       		.uleb128 0x8
 734 051f 73323600 		.ascii	"s26\000"
 735 0523 09       		.byte	0x9
 736 0524 6501     		.2byte	0x165
 737 0526 61040000 		.4byte	0x461
 738 052a 28       		.byte	0x28
 739 052b 08       		.uleb128 0x8
 740 052c 73323700 		.ascii	"s27\000"
 741 0530 09       		.byte	0x9
ARM GAS  /tmp/cci6EpEc.s 			page 14


 742 0531 6601     		.2byte	0x166
 743 0533 61040000 		.4byte	0x461
 744 0537 2C       		.byte	0x2c
 745 0538 08       		.uleb128 0x8
 746 0539 73323800 		.ascii	"s28\000"
 747 053d 09       		.byte	0x9
 748 053e 6701     		.2byte	0x167
 749 0540 61040000 		.4byte	0x461
 750 0544 30       		.byte	0x30
 751 0545 08       		.uleb128 0x8
 752 0546 73323900 		.ascii	"s29\000"
 753 054a 09       		.byte	0x9
 754 054b 6801     		.2byte	0x168
 755 054d 61040000 		.4byte	0x461
 756 0551 34       		.byte	0x34
 757 0552 08       		.uleb128 0x8
 758 0553 73333000 		.ascii	"s30\000"
 759 0557 09       		.byte	0x9
 760 0558 6901     		.2byte	0x169
 761 055a 61040000 		.4byte	0x461
 762 055e 38       		.byte	0x38
 763 055f 08       		.uleb128 0x8
 764 0560 73333100 		.ascii	"s31\000"
 765 0564 09       		.byte	0x9
 766 0565 6A01     		.2byte	0x16a
 767 0567 61040000 		.4byte	0x461
 768 056b 3C       		.byte	0x3c
 769 056c 08       		.uleb128 0x8
 770 056d 723400   		.ascii	"r4\000"
 771 0570 09       		.byte	0x9
 772 0571 6C01     		.2byte	0x16c
 773 0573 61040000 		.4byte	0x461
 774 0577 40       		.byte	0x40
 775 0578 08       		.uleb128 0x8
 776 0579 723500   		.ascii	"r5\000"
 777 057c 09       		.byte	0x9
 778 057d 6D01     		.2byte	0x16d
 779 057f 61040000 		.4byte	0x461
 780 0583 44       		.byte	0x44
 781 0584 08       		.uleb128 0x8
 782 0585 723600   		.ascii	"r6\000"
 783 0588 09       		.byte	0x9
 784 0589 6E01     		.2byte	0x16e
 785 058b 61040000 		.4byte	0x461
 786 058f 48       		.byte	0x48
 787 0590 08       		.uleb128 0x8
 788 0591 723700   		.ascii	"r7\000"
 789 0594 09       		.byte	0x9
 790 0595 6F01     		.2byte	0x16f
 791 0597 61040000 		.4byte	0x461
 792 059b 4C       		.byte	0x4c
 793 059c 08       		.uleb128 0x8
 794 059d 723800   		.ascii	"r8\000"
 795 05a0 09       		.byte	0x9
 796 05a1 7001     		.2byte	0x170
 797 05a3 61040000 		.4byte	0x461
 798 05a7 50       		.byte	0x50
ARM GAS  /tmp/cci6EpEc.s 			page 15


 799 05a8 08       		.uleb128 0x8
 800 05a9 723900   		.ascii	"r9\000"
 801 05ac 09       		.byte	0x9
 802 05ad 7101     		.2byte	0x171
 803 05af 61040000 		.4byte	0x461
 804 05b3 54       		.byte	0x54
 805 05b4 08       		.uleb128 0x8
 806 05b5 72313000 		.ascii	"r10\000"
 807 05b9 09       		.byte	0x9
 808 05ba 7201     		.2byte	0x172
 809 05bc 61040000 		.4byte	0x461
 810 05c0 58       		.byte	0x58
 811 05c1 08       		.uleb128 0x8
 812 05c2 72313100 		.ascii	"r11\000"
 813 05c6 09       		.byte	0x9
 814 05c7 7301     		.2byte	0x173
 815 05c9 61040000 		.4byte	0x461
 816 05cd 5C       		.byte	0x5c
 817 05ce 08       		.uleb128 0x8
 818 05cf 6C7200   		.ascii	"lr\000"
 819 05d2 09       		.byte	0x9
 820 05d3 7401     		.2byte	0x174
 821 05d5 61040000 		.4byte	0x461
 822 05d9 60       		.byte	0x60
 823 05da 00       		.byte	0
 824 05db 0A       		.uleb128 0xa
 825 05dc 04       		.byte	0x4
 826 05dd 8F040000 		.4byte	0x48f
 827 05e1 0F       		.uleb128 0xf
 828 05e2 04       		.byte	0x4
 829 05e3 0A       		.byte	0xa
 830 05e4 38       		.byte	0x38
 831 05e5 F6050000 		.4byte	0x5f6
 832 05e9 06       		.uleb128 0x6
 833 05ea 94050000 		.4byte	.LASF79
 834 05ee 0A       		.byte	0xa
 835 05ef 3C       		.byte	0x3c
 836 05f0 C3000000 		.4byte	0xc3
 837 05f4 00       		.byte	0
 838 05f5 00       		.byte	0
 839 05f6 04       		.uleb128 0x4
 840 05f7 15040000 		.4byte	.LASF80
 841 05fb 0A       		.byte	0xa
 842 05fc 3D       		.byte	0x3d
 843 05fd E1050000 		.4byte	0x5e1
 844 0601 0F       		.uleb128 0xf
 845 0602 18       		.byte	0x18
 846 0603 0A       		.byte	0xa
 847 0604 48       		.byte	0x48
 848 0605 44060000 		.4byte	0x644
 849 0609 06       		.uleb128 0x6
 850 060a 72050000 		.4byte	.LASF81
 851 060e 0A       		.byte	0xa
 852 060f 49       		.byte	0x49
 853 0610 C3000000 		.4byte	0xc3
 854 0614 00       		.byte	0
 855 0615 06       		.uleb128 0x6
ARM GAS  /tmp/cci6EpEc.s 			page 16


 856 0616 90010000 		.4byte	.LASF82
 857 061a 0A       		.byte	0xa
 858 061b 4A       		.byte	0x4a
 859 061c C3000000 		.4byte	0xc3
 860 0620 04       		.byte	0x4
 861 0621 06       		.uleb128 0x6
 862 0622 53030000 		.4byte	.LASF83
 863 0626 0A       		.byte	0xa
 864 0627 4B       		.byte	0x4b
 865 0628 C3000000 		.4byte	0xc3
 866 062c 08       		.byte	0x8
 867 062d 07       		.uleb128 0x7
 868 062e 6E00     		.ascii	"n\000"
 869 0630 0A       		.byte	0xa
 870 0631 4C       		.byte	0x4c
 871 0632 26010000 		.4byte	0x126
 872 0636 0C       		.byte	0xc
 873 0637 06       		.uleb128 0x6
 874 0638 3E040000 		.4byte	.LASF84
 875 063c 0A       		.byte	0xa
 876 063d 4D       		.byte	0x4d
 877 063e CE000000 		.4byte	0xce
 878 0642 10       		.byte	0x10
 879 0643 00       		.byte	0
 880 0644 04       		.uleb128 0x4
 881 0645 96010000 		.4byte	.LASF85
 882 0649 0A       		.byte	0xa
 883 064a 4E       		.byte	0x4e
 884 064b 01060000 		.4byte	0x601
 885 064f 0F       		.uleb128 0xf
 886 0650 38       		.byte	0x38
 887 0651 0B       		.byte	0xb
 888 0652 38       		.byte	0x38
 889 0653 88060000 		.4byte	0x688
 890 0657 06       		.uleb128 0x6
 891 0658 0A030000 		.4byte	.LASF86
 892 065c 0B       		.byte	0xb
 893 065d 39       		.byte	0x39
 894 065e 26010000 		.4byte	0x126
 895 0662 00       		.byte	0
 896 0663 06       		.uleb128 0x6
 897 0664 77040000 		.4byte	.LASF87
 898 0668 0B       		.byte	0xb
 899 0669 3A       		.byte	0x3a
 900 066a 26010000 		.4byte	0x126
 901 066e 04       		.byte	0x4
 902 066f 06       		.uleb128 0x6
 903 0670 18060000 		.4byte	.LASF88
 904 0674 0B       		.byte	0xb
 905 0675 3B       		.byte	0x3b
 906 0676 44060000 		.4byte	0x644
 907 067a 08       		.byte	0x8
 908 067b 06       		.uleb128 0x6
 909 067c 7C030000 		.4byte	.LASF89
 910 0680 0B       		.byte	0xb
 911 0681 3D       		.byte	0x3d
 912 0682 44060000 		.4byte	0x644
ARM GAS  /tmp/cci6EpEc.s 			page 17


 913 0686 20       		.byte	0x20
 914 0687 00       		.byte	0
 915 0688 04       		.uleb128 0x4
 916 0689 2F030000 		.4byte	.LASF90
 917 068d 0B       		.byte	0xb
 918 068e 3F       		.byte	0x3f
 919 068f 4F060000 		.4byte	0x64f
 920 0693 10       		.uleb128 0x10
 921 0694 04       		.byte	0x4
 922 0695 06       		.byte	0x6
 923 0696 C6       		.byte	0xc6
 924 0697 F5060000 		.4byte	0x6f5
 925 069b 11       		.uleb128 0x11
 926 069c 38010000 		.4byte	.LASF91
 927 06a0 06       		.byte	0x6
 928 06a1 CD       		.byte	0xcd
 929 06a2 05010000 		.4byte	0x105
 930 06a6 11       		.uleb128 0x11
 931 06a7 C0010000 		.4byte	.LASF92
 932 06ab 06       		.byte	0x6
 933 06ac D4       		.byte	0xd4
 934 06ad 05010000 		.4byte	0x105
 935 06b1 11       		.uleb128 0x11
 936 06b2 EB050000 		.4byte	.LASF93
 937 06b6 06       		.byte	0x6
 938 06b7 DB       		.byte	0xdb
 939 06b8 0F030000 		.4byte	0x30f
 940 06bc 11       		.uleb128 0x11
 941 06bd FC020000 		.4byte	.LASF94
 942 06c1 06       		.byte	0x6
 943 06c2 E2       		.byte	0xe2
 944 06c3 F5060000 		.4byte	0x6f5
 945 06c7 11       		.uleb128 0x11
 946 06c8 D4010000 		.4byte	.LASF95
 947 06cc 06       		.byte	0x6
 948 06cd E7       		.byte	0xe7
 949 06ce 05010000 		.4byte	0x105
 950 06d2 11       		.uleb128 0x11
 951 06d3 F5020000 		.4byte	.LASF96
 952 06d7 06       		.byte	0x6
 953 06d8 F0       		.byte	0xf0
 954 06d9 20070000 		.4byte	0x720
 955 06dd 11       		.uleb128 0x11
 956 06de 20050000 		.4byte	.LASF97
 957 06e2 06       		.byte	0x6
 958 06e3 F9       		.byte	0xf9
 959 06e4 57070000 		.4byte	0x757
 960 06e8 12       		.uleb128 0x12
 961 06e9 E8040000 		.4byte	.LASF98
 962 06ed 06       		.byte	0x6
 963 06ee 0101     		.2byte	0x101
 964 06f0 10010000 		.4byte	0x110
 965 06f4 00       		.byte	0
 966 06f5 0A       		.uleb128 0xa
 967 06f6 04       		.byte	0x4
 968 06f7 27020000 		.4byte	0x227
 969 06fb 05       		.uleb128 0x5
ARM GAS  /tmp/cci6EpEc.s 			page 18


 970 06fc 0A050000 		.4byte	.LASF99
 971 0700 0C       		.byte	0xc
 972 0701 0C       		.byte	0xc
 973 0702 34       		.byte	0x34
 974 0703 20070000 		.4byte	0x720
 975 0707 06       		.uleb128 0x6
 976 0708 10030000 		.4byte	.LASF28
 977 070c 0C       		.byte	0xc
 978 070d 35       		.byte	0x35
 979 070e 5C020000 		.4byte	0x25c
 980 0712 00       		.byte	0
 981 0713 07       		.uleb128 0x7
 982 0714 636E7400 		.ascii	"cnt\000"
 983 0718 0C       		.byte	0xc
 984 0719 37       		.byte	0x37
 985 071a 1B010000 		.4byte	0x11b
 986 071e 08       		.byte	0x8
 987 071f 00       		.byte	0
 988 0720 0A       		.uleb128 0xa
 989 0721 04       		.byte	0x4
 990 0722 FB060000 		.4byte	0x6fb
 991 0726 05       		.uleb128 0x5
 992 0727 C0050000 		.4byte	.LASF100
 993 072b 10       		.byte	0x10
 994 072c 0D       		.byte	0xd
 995 072d 39       		.byte	0x39
 996 072e 57070000 		.4byte	0x757
 997 0732 06       		.uleb128 0x6
 998 0733 10030000 		.4byte	.LASF28
 999 0737 0D       		.byte	0xd
 1000 0738 3A       		.byte	0x3a
 1001 0739 5C020000 		.4byte	0x25c
 1002 073d 00       		.byte	0
 1003 073e 06       		.uleb128 0x6
 1004 073f 37050000 		.4byte	.LASF101
 1005 0743 0D       		.byte	0xd
 1006 0744 3C       		.byte	0x3c
 1007 0745 32020000 		.4byte	0x232
 1008 0749 08       		.byte	0x8
 1009 074a 06       		.uleb128 0x6
 1010 074b 04020000 		.4byte	.LASF48
 1011 074f 0D       		.byte	0xd
 1012 0750 3E       		.byte	0x3e
 1013 0751 8B070000 		.4byte	0x78b
 1014 0755 0C       		.byte	0xc
 1015 0756 00       		.byte	0
 1016 0757 0A       		.uleb128 0xa
 1017 0758 04       		.byte	0x4
 1018 0759 26070000 		.4byte	0x726
 1019 075d 0A       		.uleb128 0xa
 1020 075e 04       		.byte	0x4
 1021 075f 63070000 		.4byte	0x763
 1022 0763 13       		.uleb128 0x13
 1023 0764 68070000 		.4byte	0x768
 1024 0768 03       		.uleb128 0x3
 1025 0769 01       		.byte	0x1
 1026 076a 08       		.byte	0x8
ARM GAS  /tmp/cci6EpEc.s 			page 19


 1027 076b 56050000 		.4byte	.LASF102
 1028 076f 0A       		.uleb128 0xa
 1029 0770 04       		.byte	0x4
 1030 0771 6C040000 		.4byte	0x46c
 1031 0775 0A       		.uleb128 0xa
 1032 0776 04       		.byte	0x4
 1033 0777 11030000 		.4byte	0x311
 1034 077b 14       		.uleb128 0x14
 1035 077c 5D070000 		.4byte	0x75d
 1036 0780 04       		.uleb128 0x4
 1037 0781 CC020000 		.4byte	.LASF103
 1038 0785 0D       		.byte	0xd
 1039 0786 34       		.byte	0x34
 1040 0787 26070000 		.4byte	0x726
 1041 078b 0A       		.uleb128 0xa
 1042 078c 04       		.byte	0x4
 1043 078d 80070000 		.4byte	0x780
 1044 0791 03       		.uleb128 0x3
 1045 0792 01       		.byte	0x1
 1046 0793 02       		.byte	0x2
 1047 0794 80040000 		.4byte	.LASF104
 1048 0798 15       		.uleb128 0x15
 1049 0799 66040000 		.4byte	.LASF121
 1050 079d 1A       		.byte	0x1a
 1051 079e D301     		.2byte	0x1d3
 1052 07a0 03       		.byte	0x3
 1053 07a1 16       		.uleb128 0x16
 1054 07a2 02030000 		.4byte	.LASF122
 1055 07a6 01       		.byte	0x1
 1056 07a7 38       		.byte	0x38
 1057 07a8 00000000 		.4byte	.LFB323
 1058 07ac 36000000 		.4byte	.LFE323-.LFB323
 1059 07b0 01       		.uleb128 0x1
 1060 07b1 9C       		.byte	0x9c
 1061 07b2 23080000 		.4byte	0x823
 1062 07b6 17       		.uleb128 0x17
 1063 07b7 06000000 		.4byte	.LVL0
 1064 07bb 3F080000 		.4byte	0x83f
 1065 07bf 17       		.uleb128 0x17
 1066 07c0 0A000000 		.4byte	.LVL1
 1067 07c4 47080000 		.4byte	0x847
 1068 07c8 17       		.uleb128 0x17
 1069 07c9 0E000000 		.4byte	.LVL2
 1070 07cd 4F080000 		.4byte	0x84f
 1071 07d1 17       		.uleb128 0x17
 1072 07d2 12000000 		.4byte	.LVL3
 1073 07d6 57080000 		.4byte	0x857
 1074 07da 17       		.uleb128 0x17
 1075 07db 16000000 		.4byte	.LVL4
 1076 07df 5E080000 		.4byte	0x85e
 1077 07e3 17       		.uleb128 0x17
 1078 07e4 1A000000 		.4byte	.LVL5
 1079 07e8 66080000 		.4byte	0x866
 1080 07ec 17       		.uleb128 0x17
 1081 07ed 1E000000 		.4byte	.LVL6
 1082 07f1 6E080000 		.4byte	0x86e
 1083 07f5 17       		.uleb128 0x17
ARM GAS  /tmp/cci6EpEc.s 			page 20


 1084 07f6 22000000 		.4byte	.LVL7
 1085 07fa 75080000 		.4byte	0x875
 1086 07fe 17       		.uleb128 0x17
 1087 07ff 26000000 		.4byte	.LVL8
 1088 0803 7D080000 		.4byte	0x87d
 1089 0807 17       		.uleb128 0x17
 1090 0808 2A000000 		.4byte	.LVL9
 1091 080c 85080000 		.4byte	0x885
 1092 0810 17       		.uleb128 0x17
 1093 0811 2E000000 		.4byte	.LVL10
 1094 0815 8C080000 		.4byte	0x88c
 1095 0819 18       		.uleb128 0x18
 1096 081a 36000000 		.4byte	.LVL11
 1097 081e 93080000 		.4byte	0x893
 1098 0822 00       		.byte	0
 1099 0823 19       		.uleb128 0x19
 1100 0824 F2010000 		.4byte	.LASF105
 1101 0828 1B       		.byte	0x1b
 1102 0829 0408     		.2byte	0x804
 1103 082b 2F080000 		.4byte	0x82f
 1104 082f 14       		.uleb128 0x14
 1105 0830 A2000000 		.4byte	0xa2
 1106 0834 1A       		.uleb128 0x1a
 1107 0835 636800   		.ascii	"ch\000"
 1108 0838 06       		.byte	0x6
 1109 0839 C701     		.2byte	0x1c7
 1110 083b DE030000 		.4byte	0x3de
 1111 083f 1B       		.uleb128 0x1b
 1112 0840 9B050000 		.4byte	.LASF106
 1113 0844 0E       		.byte	0xe
 1114 0845 A007     		.2byte	0x7a0
 1115 0847 1B       		.uleb128 0x1b
 1116 0848 C9050000 		.4byte	.LASF107
 1117 084c 0F       		.byte	0xf
 1118 084d F201     		.2byte	0x1f2
 1119 084f 1B       		.uleb128 0x1b
 1120 0850 AB030000 		.4byte	.LASF108
 1121 0854 10       		.byte	0x10
 1122 0855 7E01     		.2byte	0x17e
 1123 0857 1C       		.uleb128 0x1c
 1124 0858 01060000 		.4byte	.LASF109
 1125 085c 11       		.byte	0x11
 1126 085d 8B       		.byte	0x8b
 1127 085e 1B       		.uleb128 0x1b
 1128 085f 54020000 		.4byte	.LASF110
 1129 0863 12       		.byte	0x12
 1130 0864 1F01     		.2byte	0x11f
 1131 0866 1B       		.uleb128 0x1b
 1132 0867 09060000 		.4byte	.LASF111
 1133 086b 13       		.byte	0x13
 1134 086c 2201     		.2byte	0x122
 1135 086e 1C       		.uleb128 0x1c
 1136 086f 14000000 		.4byte	.LASF112
 1137 0873 14       		.byte	0x14
 1138 0874 BA       		.byte	0xba
 1139 0875 1B       		.uleb128 0x1b
 1140 0876 C4030000 		.4byte	.LASF113
ARM GAS  /tmp/cci6EpEc.s 			page 21


 1141 087a 15       		.byte	0x15
 1142 087b F301     		.2byte	0x1f3
 1143 087d 1B       		.uleb128 0x1b
 1144 087e 61050000 		.4byte	.LASF114
 1145 0882 16       		.byte	0x16
 1146 0883 5D02     		.2byte	0x25d
 1147 0885 1C       		.uleb128 0x1c
 1148 0886 9C040000 		.4byte	.LASF115
 1149 088a 17       		.byte	0x17
 1150 088b B0       		.byte	0xb0
 1151 088c 1C       		.uleb128 0x1c
 1152 088d DE040000 		.4byte	.LASF116
 1153 0891 18       		.byte	0x18
 1154 0892 26       		.byte	0x26
 1155 0893 1C       		.uleb128 0x1c
 1156 0894 0D000000 		.4byte	.LASF117
 1157 0898 19       		.byte	0x19
 1158 0899 56       		.byte	0x56
 1159 089a 00       		.byte	0
 1160              		.section	.debug_abbrev,"",%progbits
 1161              	.Ldebug_abbrev0:
 1162 0000 01       		.uleb128 0x1
 1163 0001 11       		.uleb128 0x11
 1164 0002 01       		.byte	0x1
 1165 0003 25       		.uleb128 0x25
 1166 0004 0E       		.uleb128 0xe
 1167 0005 13       		.uleb128 0x13
 1168 0006 0B       		.uleb128 0xb
 1169 0007 03       		.uleb128 0x3
 1170 0008 0E       		.uleb128 0xe
 1171 0009 1B       		.uleb128 0x1b
 1172 000a 0E       		.uleb128 0xe
 1173 000b 55       		.uleb128 0x55
 1174 000c 17       		.uleb128 0x17
 1175 000d 11       		.uleb128 0x11
 1176 000e 01       		.uleb128 0x1
 1177 000f 10       		.uleb128 0x10
 1178 0010 17       		.uleb128 0x17
 1179 0011 00       		.byte	0
 1180 0012 00       		.byte	0
 1181 0013 02       		.uleb128 0x2
 1182 0014 24       		.uleb128 0x24
 1183 0015 00       		.byte	0
 1184 0016 0B       		.uleb128 0xb
 1185 0017 0B       		.uleb128 0xb
 1186 0018 3E       		.uleb128 0x3e
 1187 0019 0B       		.uleb128 0xb
 1188 001a 03       		.uleb128 0x3
 1189 001b 08       		.uleb128 0x8
 1190 001c 00       		.byte	0
 1191 001d 00       		.byte	0
 1192 001e 03       		.uleb128 0x3
 1193 001f 24       		.uleb128 0x24
 1194 0020 00       		.byte	0
 1195 0021 0B       		.uleb128 0xb
 1196 0022 0B       		.uleb128 0xb
 1197 0023 3E       		.uleb128 0x3e
ARM GAS  /tmp/cci6EpEc.s 			page 22


 1198 0024 0B       		.uleb128 0xb
 1199 0025 03       		.uleb128 0x3
 1200 0026 0E       		.uleb128 0xe
 1201 0027 00       		.byte	0
 1202 0028 00       		.byte	0
 1203 0029 04       		.uleb128 0x4
 1204 002a 16       		.uleb128 0x16
 1205 002b 00       		.byte	0
 1206 002c 03       		.uleb128 0x3
 1207 002d 0E       		.uleb128 0xe
 1208 002e 3A       		.uleb128 0x3a
 1209 002f 0B       		.uleb128 0xb
 1210 0030 3B       		.uleb128 0x3b
 1211 0031 0B       		.uleb128 0xb
 1212 0032 49       		.uleb128 0x49
 1213 0033 13       		.uleb128 0x13
 1214 0034 00       		.byte	0
 1215 0035 00       		.byte	0
 1216 0036 05       		.uleb128 0x5
 1217 0037 13       		.uleb128 0x13
 1218 0038 01       		.byte	0x1
 1219 0039 03       		.uleb128 0x3
 1220 003a 0E       		.uleb128 0xe
 1221 003b 0B       		.uleb128 0xb
 1222 003c 0B       		.uleb128 0xb
 1223 003d 3A       		.uleb128 0x3a
 1224 003e 0B       		.uleb128 0xb
 1225 003f 3B       		.uleb128 0x3b
 1226 0040 0B       		.uleb128 0xb
 1227 0041 01       		.uleb128 0x1
 1228 0042 13       		.uleb128 0x13
 1229 0043 00       		.byte	0
 1230 0044 00       		.byte	0
 1231 0045 06       		.uleb128 0x6
 1232 0046 0D       		.uleb128 0xd
 1233 0047 00       		.byte	0
 1234 0048 03       		.uleb128 0x3
 1235 0049 0E       		.uleb128 0xe
 1236 004a 3A       		.uleb128 0x3a
 1237 004b 0B       		.uleb128 0xb
 1238 004c 3B       		.uleb128 0x3b
 1239 004d 0B       		.uleb128 0xb
 1240 004e 49       		.uleb128 0x49
 1241 004f 13       		.uleb128 0x13
 1242 0050 38       		.uleb128 0x38
 1243 0051 0B       		.uleb128 0xb
 1244 0052 00       		.byte	0
 1245 0053 00       		.byte	0
 1246 0054 07       		.uleb128 0x7
 1247 0055 0D       		.uleb128 0xd
 1248 0056 00       		.byte	0
 1249 0057 03       		.uleb128 0x3
 1250 0058 08       		.uleb128 0x8
 1251 0059 3A       		.uleb128 0x3a
 1252 005a 0B       		.uleb128 0xb
 1253 005b 3B       		.uleb128 0x3b
 1254 005c 0B       		.uleb128 0xb
ARM GAS  /tmp/cci6EpEc.s 			page 23


 1255 005d 49       		.uleb128 0x49
 1256 005e 13       		.uleb128 0x13
 1257 005f 38       		.uleb128 0x38
 1258 0060 0B       		.uleb128 0xb
 1259 0061 00       		.byte	0
 1260 0062 00       		.byte	0
 1261 0063 08       		.uleb128 0x8
 1262 0064 0D       		.uleb128 0xd
 1263 0065 00       		.byte	0
 1264 0066 03       		.uleb128 0x3
 1265 0067 08       		.uleb128 0x8
 1266 0068 3A       		.uleb128 0x3a
 1267 0069 0B       		.uleb128 0xb
 1268 006a 3B       		.uleb128 0x3b
 1269 006b 05       		.uleb128 0x5
 1270 006c 49       		.uleb128 0x49
 1271 006d 13       		.uleb128 0x13
 1272 006e 38       		.uleb128 0x38
 1273 006f 0B       		.uleb128 0xb
 1274 0070 00       		.byte	0
 1275 0071 00       		.byte	0
 1276 0072 09       		.uleb128 0x9
 1277 0073 0D       		.uleb128 0xd
 1278 0074 00       		.byte	0
 1279 0075 03       		.uleb128 0x3
 1280 0076 0E       		.uleb128 0xe
 1281 0077 3A       		.uleb128 0x3a
 1282 0078 0B       		.uleb128 0xb
 1283 0079 3B       		.uleb128 0x3b
 1284 007a 05       		.uleb128 0x5
 1285 007b 49       		.uleb128 0x49
 1286 007c 13       		.uleb128 0x13
 1287 007d 38       		.uleb128 0x38
 1288 007e 0B       		.uleb128 0xb
 1289 007f 00       		.byte	0
 1290 0080 00       		.byte	0
 1291 0081 0A       		.uleb128 0xa
 1292 0082 0F       		.uleb128 0xf
 1293 0083 00       		.byte	0
 1294 0084 0B       		.uleb128 0xb
 1295 0085 0B       		.uleb128 0xb
 1296 0086 49       		.uleb128 0x49
 1297 0087 13       		.uleb128 0x13
 1298 0088 00       		.byte	0
 1299 0089 00       		.byte	0
 1300 008a 0B       		.uleb128 0xb
 1301 008b 13       		.uleb128 0x13
 1302 008c 01       		.byte	0x1
 1303 008d 03       		.uleb128 0x3
 1304 008e 0E       		.uleb128 0xe
 1305 008f 0B       		.uleb128 0xb
 1306 0090 0B       		.uleb128 0xb
 1307 0091 3A       		.uleb128 0x3a
 1308 0092 0B       		.uleb128 0xb
 1309 0093 3B       		.uleb128 0x3b
 1310 0094 05       		.uleb128 0x5
 1311 0095 01       		.uleb128 0x1
ARM GAS  /tmp/cci6EpEc.s 			page 24


 1312 0096 13       		.uleb128 0x13
 1313 0097 00       		.byte	0
 1314 0098 00       		.byte	0
 1315 0099 0C       		.uleb128 0xc
 1316 009a 15       		.uleb128 0x15
 1317 009b 01       		.byte	0x1
 1318 009c 27       		.uleb128 0x27
 1319 009d 19       		.uleb128 0x19
 1320 009e 01       		.uleb128 0x1
 1321 009f 13       		.uleb128 0x13
 1322 00a0 00       		.byte	0
 1323 00a1 00       		.byte	0
 1324 00a2 0D       		.uleb128 0xd
 1325 00a3 05       		.uleb128 0x5
 1326 00a4 00       		.byte	0
 1327 00a5 49       		.uleb128 0x49
 1328 00a6 13       		.uleb128 0x13
 1329 00a7 00       		.byte	0
 1330 00a8 00       		.byte	0
 1331 00a9 0E       		.uleb128 0xe
 1332 00aa 0F       		.uleb128 0xf
 1333 00ab 00       		.byte	0
 1334 00ac 0B       		.uleb128 0xb
 1335 00ad 0B       		.uleb128 0xb
 1336 00ae 00       		.byte	0
 1337 00af 00       		.byte	0
 1338 00b0 0F       		.uleb128 0xf
 1339 00b1 13       		.uleb128 0x13
 1340 00b2 01       		.byte	0x1
 1341 00b3 0B       		.uleb128 0xb
 1342 00b4 0B       		.uleb128 0xb
 1343 00b5 3A       		.uleb128 0x3a
 1344 00b6 0B       		.uleb128 0xb
 1345 00b7 3B       		.uleb128 0x3b
 1346 00b8 0B       		.uleb128 0xb
 1347 00b9 01       		.uleb128 0x1
 1348 00ba 13       		.uleb128 0x13
 1349 00bb 00       		.byte	0
 1350 00bc 00       		.byte	0
 1351 00bd 10       		.uleb128 0x10
 1352 00be 17       		.uleb128 0x17
 1353 00bf 01       		.byte	0x1
 1354 00c0 0B       		.uleb128 0xb
 1355 00c1 0B       		.uleb128 0xb
 1356 00c2 3A       		.uleb128 0x3a
 1357 00c3 0B       		.uleb128 0xb
 1358 00c4 3B       		.uleb128 0x3b
 1359 00c5 0B       		.uleb128 0xb
 1360 00c6 01       		.uleb128 0x1
 1361 00c7 13       		.uleb128 0x13
 1362 00c8 00       		.byte	0
 1363 00c9 00       		.byte	0
 1364 00ca 11       		.uleb128 0x11
 1365 00cb 0D       		.uleb128 0xd
 1366 00cc 00       		.byte	0
 1367 00cd 03       		.uleb128 0x3
 1368 00ce 0E       		.uleb128 0xe
ARM GAS  /tmp/cci6EpEc.s 			page 25


 1369 00cf 3A       		.uleb128 0x3a
 1370 00d0 0B       		.uleb128 0xb
 1371 00d1 3B       		.uleb128 0x3b
 1372 00d2 0B       		.uleb128 0xb
 1373 00d3 49       		.uleb128 0x49
 1374 00d4 13       		.uleb128 0x13
 1375 00d5 00       		.byte	0
 1376 00d6 00       		.byte	0
 1377 00d7 12       		.uleb128 0x12
 1378 00d8 0D       		.uleb128 0xd
 1379 00d9 00       		.byte	0
 1380 00da 03       		.uleb128 0x3
 1381 00db 0E       		.uleb128 0xe
 1382 00dc 3A       		.uleb128 0x3a
 1383 00dd 0B       		.uleb128 0xb
 1384 00de 3B       		.uleb128 0x3b
 1385 00df 05       		.uleb128 0x5
 1386 00e0 49       		.uleb128 0x49
 1387 00e1 13       		.uleb128 0x13
 1388 00e2 00       		.byte	0
 1389 00e3 00       		.byte	0
 1390 00e4 13       		.uleb128 0x13
 1391 00e5 26       		.uleb128 0x26
 1392 00e6 00       		.byte	0
 1393 00e7 49       		.uleb128 0x49
 1394 00e8 13       		.uleb128 0x13
 1395 00e9 00       		.byte	0
 1396 00ea 00       		.byte	0
 1397 00eb 14       		.uleb128 0x14
 1398 00ec 35       		.uleb128 0x35
 1399 00ed 00       		.byte	0
 1400 00ee 49       		.uleb128 0x49
 1401 00ef 13       		.uleb128 0x13
 1402 00f0 00       		.byte	0
 1403 00f1 00       		.byte	0
 1404 00f2 15       		.uleb128 0x15
 1405 00f3 2E       		.uleb128 0x2e
 1406 00f4 00       		.byte	0
 1407 00f5 03       		.uleb128 0x3
 1408 00f6 0E       		.uleb128 0xe
 1409 00f7 3A       		.uleb128 0x3a
 1410 00f8 0B       		.uleb128 0xb
 1411 00f9 3B       		.uleb128 0x3b
 1412 00fa 05       		.uleb128 0x5
 1413 00fb 27       		.uleb128 0x27
 1414 00fc 19       		.uleb128 0x19
 1415 00fd 20       		.uleb128 0x20
 1416 00fe 0B       		.uleb128 0xb
 1417 00ff 00       		.byte	0
 1418 0100 00       		.byte	0
 1419 0101 16       		.uleb128 0x16
 1420 0102 2E       		.uleb128 0x2e
 1421 0103 01       		.byte	0x1
 1422 0104 3F       		.uleb128 0x3f
 1423 0105 19       		.uleb128 0x19
 1424 0106 03       		.uleb128 0x3
 1425 0107 0E       		.uleb128 0xe
ARM GAS  /tmp/cci6EpEc.s 			page 26


 1426 0108 3A       		.uleb128 0x3a
 1427 0109 0B       		.uleb128 0xb
 1428 010a 3B       		.uleb128 0x3b
 1429 010b 0B       		.uleb128 0xb
 1430 010c 27       		.uleb128 0x27
 1431 010d 19       		.uleb128 0x19
 1432 010e 11       		.uleb128 0x11
 1433 010f 01       		.uleb128 0x1
 1434 0110 12       		.uleb128 0x12
 1435 0111 06       		.uleb128 0x6
 1436 0112 40       		.uleb128 0x40
 1437 0113 18       		.uleb128 0x18
 1438 0114 9742     		.uleb128 0x2117
 1439 0116 19       		.uleb128 0x19
 1440 0117 01       		.uleb128 0x1
 1441 0118 13       		.uleb128 0x13
 1442 0119 00       		.byte	0
 1443 011a 00       		.byte	0
 1444 011b 17       		.uleb128 0x17
 1445 011c 898201   		.uleb128 0x4109
 1446 011f 00       		.byte	0
 1447 0120 11       		.uleb128 0x11
 1448 0121 01       		.uleb128 0x1
 1449 0122 31       		.uleb128 0x31
 1450 0123 13       		.uleb128 0x13
 1451 0124 00       		.byte	0
 1452 0125 00       		.byte	0
 1453 0126 18       		.uleb128 0x18
 1454 0127 898201   		.uleb128 0x4109
 1455 012a 00       		.byte	0
 1456 012b 11       		.uleb128 0x11
 1457 012c 01       		.uleb128 0x1
 1458 012d 9542     		.uleb128 0x2115
 1459 012f 19       		.uleb128 0x19
 1460 0130 31       		.uleb128 0x31
 1461 0131 13       		.uleb128 0x13
 1462 0132 00       		.byte	0
 1463 0133 00       		.byte	0
 1464 0134 19       		.uleb128 0x19
 1465 0135 34       		.uleb128 0x34
 1466 0136 00       		.byte	0
 1467 0137 03       		.uleb128 0x3
 1468 0138 0E       		.uleb128 0xe
 1469 0139 3A       		.uleb128 0x3a
 1470 013a 0B       		.uleb128 0xb
 1471 013b 3B       		.uleb128 0x3b
 1472 013c 05       		.uleb128 0x5
 1473 013d 49       		.uleb128 0x49
 1474 013e 13       		.uleb128 0x13
 1475 013f 3F       		.uleb128 0x3f
 1476 0140 19       		.uleb128 0x19
 1477 0141 3C       		.uleb128 0x3c
 1478 0142 19       		.uleb128 0x19
 1479 0143 00       		.byte	0
 1480 0144 00       		.byte	0
 1481 0145 1A       		.uleb128 0x1a
 1482 0146 34       		.uleb128 0x34
ARM GAS  /tmp/cci6EpEc.s 			page 27


 1483 0147 00       		.byte	0
 1484 0148 03       		.uleb128 0x3
 1485 0149 08       		.uleb128 0x8
 1486 014a 3A       		.uleb128 0x3a
 1487 014b 0B       		.uleb128 0xb
 1488 014c 3B       		.uleb128 0x3b
 1489 014d 05       		.uleb128 0x5
 1490 014e 49       		.uleb128 0x49
 1491 014f 13       		.uleb128 0x13
 1492 0150 3F       		.uleb128 0x3f
 1493 0151 19       		.uleb128 0x19
 1494 0152 3C       		.uleb128 0x3c
 1495 0153 19       		.uleb128 0x19
 1496 0154 00       		.byte	0
 1497 0155 00       		.byte	0
 1498 0156 1B       		.uleb128 0x1b
 1499 0157 2E       		.uleb128 0x2e
 1500 0158 00       		.byte	0
 1501 0159 3F       		.uleb128 0x3f
 1502 015a 19       		.uleb128 0x19
 1503 015b 03       		.uleb128 0x3
 1504 015c 0E       		.uleb128 0xe
 1505 015d 3A       		.uleb128 0x3a
 1506 015e 0B       		.uleb128 0xb
 1507 015f 3B       		.uleb128 0x3b
 1508 0160 05       		.uleb128 0x5
 1509 0161 27       		.uleb128 0x27
 1510 0162 19       		.uleb128 0x19
 1511 0163 3C       		.uleb128 0x3c
 1512 0164 19       		.uleb128 0x19
 1513 0165 00       		.byte	0
 1514 0166 00       		.byte	0
 1515 0167 1C       		.uleb128 0x1c
 1516 0168 2E       		.uleb128 0x2e
 1517 0169 00       		.byte	0
 1518 016a 3F       		.uleb128 0x3f
 1519 016b 19       		.uleb128 0x19
 1520 016c 03       		.uleb128 0x3
 1521 016d 0E       		.uleb128 0xe
 1522 016e 3A       		.uleb128 0x3a
 1523 016f 0B       		.uleb128 0xb
 1524 0170 3B       		.uleb128 0x3b
 1525 0171 0B       		.uleb128 0xb
 1526 0172 27       		.uleb128 0x27
 1527 0173 19       		.uleb128 0x19
 1528 0174 3C       		.uleb128 0x3c
 1529 0175 19       		.uleb128 0x19
 1530 0176 00       		.byte	0
 1531 0177 00       		.byte	0
 1532 0178 00       		.byte	0
 1533              		.section	.debug_aranges,"",%progbits
 1534 0000 1C000000 		.4byte	0x1c
 1535 0004 0200     		.2byte	0x2
 1536 0006 00000000 		.4byte	.Ldebug_info0
 1537 000a 04       		.byte	0x4
 1538 000b 00       		.byte	0
 1539 000c 0000     		.2byte	0
ARM GAS  /tmp/cci6EpEc.s 			page 28


 1540 000e 0000     		.2byte	0
 1541 0010 00000000 		.4byte	.LFB323
 1542 0014 36000000 		.4byte	.LFE323-.LFB323
 1543 0018 00000000 		.4byte	0
 1544 001c 00000000 		.4byte	0
 1545              		.section	.debug_ranges,"",%progbits
 1546              	.Ldebug_ranges0:
 1547 0000 00000000 		.4byte	.LFB323
 1548 0004 36000000 		.4byte	.LFE323
 1549 0008 00000000 		.4byte	0
 1550 000c 00000000 		.4byte	0
 1551              		.section	.debug_line,"",%progbits
 1552              	.Ldebug_line0:
 1553 0000 ED030000 		.section	.debug_str,"MS",%progbits,1
 1553      0200C103 
 1553      00000201 
 1553      FB0E0D00 
 1553      01010101 
 1554              	.LASF52:
 1555 0000 72656164 		.ascii	"ready_list_t\000"
 1555      795F6C69 
 1555      73745F74 
 1555      00
 1556              	.LASF117:
 1557 000d 7374496E 		.ascii	"stInit\000"
 1557      697400
 1558              	.LASF112:
 1559 0014 73646349 		.ascii	"sdcInit\000"
 1559      6E697400 
 1560              	.LASF118:
 1561 001c 474E5520 		.ascii	"GNU C 4.9.3 20150529 (release) [ARM/embedded-4_9-br"
 1561      4320342E 
 1561      392E3320 
 1561      32303135 
 1561      30353239 
 1562 004f 616E6368 		.ascii	"anch revision 227977] -mcpu=cortex-m4 -mfloat-abi=h"
 1562      20726576 
 1562      6973696F 
 1562      6E203232 
 1562      37393737 
 1563 0082 61726420 		.ascii	"ard -mfpu=fpv4-sp-d16 -mno-thumb-interwork -mthumb "
 1563      2D6D6670 
 1563      753D6670 
 1563      76342D73 
 1563      702D6431 
 1564 00b5 2D67202D 		.ascii	"-g -Os -fomit-frame-pointer -falign-functions=16 -f"
 1564      4F73202D 
 1564      666F6D69 
 1564      742D6672 
 1564      616D652D 
 1565 00e8 66756E63 		.ascii	"function-sections -fdata-sections -fno-common -fsin"
 1565      74696F6E 
 1565      2D736563 
 1565      74696F6E 
 1565      73202D66 
 1566 011b 676C652D 		.ascii	"gle-precision-constant\000"
 1566      70726563 
ARM GAS  /tmp/cci6EpEc.s 			page 29


 1566      6973696F 
 1566      6E2D636F 
 1566      6E737461 
 1567              	.LASF58:
 1568 0132 64656C74 		.ascii	"delta\000"
 1568      6100
 1569              	.LASF91:
 1570 0138 7264796D 		.ascii	"rdymsg\000"
 1570      736700
 1571              	.LASF16:
 1572 013f 75696E74 		.ascii	"uint64_t\000"
 1572      36345F74 
 1572      00
 1573              	.LASF71:
 1574 0148 6B65726E 		.ascii	"kernel_stats\000"
 1574      656C5F73 
 1574      74617473 
 1574      00
 1575              	.LASF5:
 1576 0155 5F5F7569 		.ascii	"__uint8_t\000"
 1576      6E74385F 
 1576      7400
 1577              	.LASF51:
 1578 015f 70726576 		.ascii	"prev\000"
 1578      00
 1579              	.LASF78:
 1580 0164 706F7274 		.ascii	"port_intctx\000"
 1580      5F696E74 
 1580      63747800 
 1581              	.LASF50:
 1582 0170 63685F74 		.ascii	"ch_threads_queue\000"
 1582      68726561 
 1582      64735F71 
 1582      75657565 
 1582      00
 1583              	.LASF63:
 1584 0181 73797374 		.ascii	"system_debug_t\000"
 1584      656D5F64 
 1584      65627567 
 1584      5F7400
 1585              	.LASF82:
 1586 0190 776F7273 		.ascii	"worst\000"
 1586      7400
 1587              	.LASF85:
 1588 0196 74696D65 		.ascii	"time_measurement_t\000"
 1588      5F6D6561 
 1588      73757265 
 1588      6D656E74 
 1588      5F7400
 1589              	.LASF12:
 1590 01a9 6C6F6E67 		.ascii	"long long unsigned int\000"
 1590      206C6F6E 
 1590      6720756E 
 1590      7369676E 
 1590      65642069 
 1591              	.LASF92:
 1592 01c0 65786974 		.ascii	"exitcode\000"
ARM GAS  /tmp/cci6EpEc.s 			page 30


 1592      636F6465 
 1592      00
 1593              	.LASF70:
 1594 01c9 6D61696E 		.ascii	"mainthread\000"
 1594      74687265 
 1594      616400
 1595              	.LASF95:
 1596 01d4 73656E74 		.ascii	"sentmsg\000"
 1596      6D736700 
 1597              	.LASF60:
 1598 01dc 76697274 		.ascii	"virtual_timers_list_t\000"
 1598      75616C5F 
 1598      74696D65 
 1598      72735F6C 
 1598      6973745F 
 1599              	.LASF105:
 1600 01f2 49544D5F 		.ascii	"ITM_RxBuffer\000"
 1600      52784275 
 1600      66666572 
 1600      00
 1601              	.LASF59:
 1602 01ff 66756E63 		.ascii	"func\000"
 1602      00
 1603              	.LASF48:
 1604 0204 6E657874 		.ascii	"next\000"
 1604      00
 1605              	.LASF18:
 1606 0209 72747469 		.ascii	"rttime_t\000"
 1606      6D655F74 
 1606      00
 1607              	.LASF10:
 1608 0212 6C6F6E67 		.ascii	"long long int\000"
 1608      206C6F6E 
 1608      6720696E 
 1608      7400
 1609              	.LASF1:
 1610 0220 7369676E 		.ascii	"signed char\000"
 1610      65642063 
 1610      68617200 
 1611              	.LASF69:
 1612 022c 76746C69 		.ascii	"vtlist\000"
 1612      737400
 1613              	.LASF38:
 1614 0233 6D736771 		.ascii	"msgqueue\000"
 1614      75657565 
 1614      00
 1615              	.LASF34:
 1616 023c 73746174 		.ascii	"state\000"
 1616      6500
 1617              	.LASF7:
 1618 0242 6C6F6E67 		.ascii	"long int\000"
 1618      20696E74 
 1618      00
 1619              	.LASF20:
 1620 024b 74737461 		.ascii	"tstate_t\000"
 1620      74655F74 
 1620      00
ARM GAS  /tmp/cci6EpEc.s 			page 31


 1621              	.LASF110:
 1622 0254 70776D49 		.ascii	"pwmInit\000"
 1622      6E697400 
 1623              	.LASF43:
 1624 025c 73746174 		.ascii	"stats\000"
 1624      7300
 1625              	.LASF8:
 1626 0262 5F5F7569 		.ascii	"__uint32_t\000"
 1626      6E743332 
 1626      5F7400
 1627              	.LASF75:
 1628 026d 72656761 		.ascii	"regarm_t\000"
 1628      726D5F74 
 1628      00
 1629              	.LASF120:
 1630 0276 2F686F6D 		.ascii	"/home/mike/Documents/haggis-aero-2019/pixhawk/build"
 1630      652F6D69 
 1630      6B652F44 
 1630      6F63756D 
 1630      656E7473 
 1631 02a9 2F437562 		.ascii	"/CubeBlack\000"
 1631      65426C61 
 1631      636B00
 1632              	.LASF64:
 1633 02b4 63685F73 		.ascii	"ch_system_debug\000"
 1633      79737465 
 1633      6D5F6465 
 1633      62756700 
 1634              	.LASF37:
 1635 02c4 77616974 		.ascii	"waiting\000"
 1635      696E6700 
 1636              	.LASF103:
 1637 02cc 6D757465 		.ascii	"mutex_t\000"
 1637      785F7400 
 1638              	.LASF73:
 1639 02d4 73797369 		.ascii	"sysinterval_t\000"
 1639      6E746572 
 1639      76616C5F 
 1639      7400
 1640              	.LASF25:
 1641 02e2 636E745F 		.ascii	"cnt_t\000"
 1641      7400
 1642              	.LASF0:
 1643 02e8 756E7369 		.ascii	"unsigned int\000"
 1643      676E6564 
 1643      20696E74 
 1643      00
 1644              	.LASF96:
 1645 02f5 77747365 		.ascii	"wtsemp\000"
 1645      6D7000
 1646              	.LASF94:
 1647 02fc 77747472 		.ascii	"wttrp\000"
 1647      7000
 1648              	.LASF122:
 1649 0302 68616C49 		.ascii	"halInit\000"
 1649      6E697400 
 1650              	.LASF86:
ARM GAS  /tmp/cci6EpEc.s 			page 32


 1651 030a 6E5F6972 		.ascii	"n_irq\000"
 1651      7100
 1652              	.LASF28:
 1653 0310 71756575 		.ascii	"queue\000"
 1653      6500
 1654              	.LASF42:
 1655 0316 6D706F6F 		.ascii	"mpool\000"
 1655      6C00
 1656              	.LASF4:
 1657 031c 73686F72 		.ascii	"short unsigned int\000"
 1657      7420756E 
 1657      7369676E 
 1657      65642069 
 1657      6E7400
 1658              	.LASF90:
 1659 032f 6B65726E 		.ascii	"kernel_stats_t\000"
 1659      656C5F73 
 1659      74617473 
 1659      5F7400
 1660              	.LASF32:
 1661 033e 6E616D65 		.ascii	"name\000"
 1661      00
 1662              	.LASF46:
 1663 0343 63685F74 		.ascii	"ch_thread\000"
 1663      68726561 
 1663      6400
 1664              	.LASF23:
 1665 034d 6D73675F 		.ascii	"msg_t\000"
 1665      7400
 1666              	.LASF83:
 1667 0353 6C617374 		.ascii	"last\000"
 1667      00
 1668              	.LASF26:
 1669 0358 75636E74 		.ascii	"ucnt_t\000"
 1669      5F7400
 1670              	.LASF39:
 1671 035f 6570656E 		.ascii	"epending\000"
 1671      64696E67 
 1671      00
 1672              	.LASF66:
 1673 0368 63685F73 		.ascii	"ch_system_t\000"
 1673      79737465 
 1673      6D5F7400 
 1674              	.LASF19:
 1675 0374 746D6F64 		.ascii	"tmode_t\000"
 1675      655F7400 
 1676              	.LASF89:
 1677 037c 6D5F6372 		.ascii	"m_crit_isr\000"
 1677      69745F69 
 1677      737200
 1678              	.LASF53:
 1679 0387 63685F72 		.ascii	"ch_ready_list\000"
 1679      65616479 
 1679      5F6C6973 
 1679      7400
 1680              	.LASF24:
 1681 0395 6576656E 		.ascii	"eventmask_t\000"
ARM GAS  /tmp/cci6EpEc.s 			page 33


 1681      746D6173 
 1681      6B5F7400 
 1682              	.LASF6:
 1683 03a1 5F5F696E 		.ascii	"__int32_t\000"
 1683      7433325F 
 1683      7400
 1684              	.LASF108:
 1685 03ab 61646349 		.ascii	"adcInit\000"
 1685      6E697400 
 1686              	.LASF76:
 1687 03b3 73746B61 		.ascii	"stkalign_t\000"
 1687      6C69676E 
 1687      5F7400
 1688              	.LASF30:
 1689 03be 6E657765 		.ascii	"newer\000"
 1689      7200
 1690              	.LASF113:
 1691 03c4 73706949 		.ascii	"spiInit\000"
 1691      6E697400 
 1692              	.LASF41:
 1693 03cc 7265616C 		.ascii	"realprio\000"
 1693      7072696F 
 1693      00
 1694              	.LASF74:
 1695 03d5 73697A65 		.ascii	"sizetype\000"
 1695      74797065 
 1695      00
 1696              	.LASF44:
 1697 03de 74687265 		.ascii	"thread_reference_t\000"
 1697      61645F72 
 1697      65666572 
 1697      656E6365 
 1697      5F7400
 1698              	.LASF61:
 1699 03f1 63685F76 		.ascii	"ch_virtual_timers_list\000"
 1699      69727475 
 1699      616C5F74 
 1699      696D6572 
 1699      735F6C69 
 1700              	.LASF77:
 1701 0408 706F7274 		.ascii	"port_context\000"
 1701      5F636F6E 
 1701      74657874 
 1701      00
 1702              	.LASF80:
 1703 0415 746D5F63 		.ascii	"tm_calibration_t\000"
 1703      616C6962 
 1703      72617469 
 1703      6F6E5F74 
 1703      00
 1704              	.LASF29:
 1705 0426 7072696F 		.ascii	"prio\000"
 1705      00
 1706              	.LASF54:
 1707 042b 63757272 		.ascii	"current\000"
 1707      656E7400 
 1708              	.LASF11:
ARM GAS  /tmp/cci6EpEc.s 			page 34


 1709 0433 5F5F7569 		.ascii	"__uint64_t\000"
 1709      6E743634 
 1709      5F7400
 1710              	.LASF84:
 1711 043e 63756D75 		.ascii	"cumulative\000"
 1711      6C617469 
 1711      766500
 1712              	.LASF21:
 1713 0449 74726566 		.ascii	"trefs_t\000"
 1713      735F7400 
 1714              	.LASF36:
 1715 0451 72656673 		.ascii	"refs\000"
 1715      00
 1716              	.LASF56:
 1717 0456 76697274 		.ascii	"virtual_timer_t\000"
 1717      75616C5F 
 1717      74696D65 
 1717      725F7400 
 1718              	.LASF121:
 1719 0466 6F73616C 		.ascii	"osalInit\000"
 1719      496E6974 
 1719      00
 1720              	.LASF22:
 1721 046f 74707269 		.ascii	"tprio_t\000"
 1721      6F5F7400 
 1722              	.LASF87:
 1723 0477 6E5F6374 		.ascii	"n_ctxswc\000"
 1723      78737763 
 1723      00
 1724              	.LASF104:
 1725 0480 5F426F6F 		.ascii	"_Bool\000"
 1725      6C00
 1726              	.LASF14:
 1727 0486 696E7433 		.ascii	"int32_t\000"
 1727      325F7400 
 1728              	.LASF2:
 1729 048e 756E7369 		.ascii	"unsigned char\000"
 1729      676E6564 
 1729      20636861 
 1729      7200
 1730              	.LASF115:
 1731 049c 73647549 		.ascii	"sduInit\000"
 1731      6E697400 
 1732              	.LASF119:
 1733 04a4 2E2E2F2E 		.ascii	"../../modules/ChibiOS/os/hal/src/hal.c\000"
 1733      2E2F6D6F 
 1733      64756C65 
 1733      732F4368 
 1733      6962694F 
 1734              	.LASF3:
 1735 04cb 73686F72 		.ascii	"short int\000"
 1735      7420696E 
 1735      7400
 1736              	.LASF62:
 1737 04d5 6C617374 		.ascii	"lasttime\000"
 1737      74696D65 
 1737      00
ARM GAS  /tmp/cci6EpEc.s 			page 35


 1738              	.LASF116:
 1739 04de 626F6172 		.ascii	"boardInit\000"
 1739      64496E69 
 1739      7400
 1740              	.LASF98:
 1741 04e8 65776D61 		.ascii	"ewmask\000"
 1741      736B00
 1742              	.LASF67:
 1743 04ef 63685F73 		.ascii	"ch_system\000"
 1743      79737465 
 1743      6D00
 1744              	.LASF57:
 1745 04f9 63685F76 		.ascii	"ch_virtual_timer\000"
 1745      69727475 
 1745      616C5F74 
 1745      696D6572 
 1745      00
 1746              	.LASF99:
 1747 050a 63685F73 		.ascii	"ch_semaphore\000"
 1747      656D6170 
 1747      686F7265 
 1747      00
 1748              	.LASF15:
 1749 0517 75696E74 		.ascii	"uint32_t\000"
 1749      33325F74 
 1749      00
 1750              	.LASF97:
 1751 0520 77746D74 		.ascii	"wtmtxp\000"
 1751      787000
 1752              	.LASF47:
 1753 0527 63685F74 		.ascii	"ch_threads_list\000"
 1753      68726561 
 1753      64735F6C 
 1753      69737400 
 1754              	.LASF101:
 1755 0537 6F776E65 		.ascii	"owner\000"
 1755      7200
 1756              	.LASF9:
 1757 053d 6C6F6E67 		.ascii	"long unsigned int\000"
 1757      20756E73 
 1757      69676E65 
 1757      6420696E 
 1757      7400
 1758              	.LASF33:
 1759 054f 77616261 		.ascii	"wabase\000"
 1759      736500
 1760              	.LASF102:
 1761 0556 63686172 		.ascii	"char\000"
 1761      00
 1762              	.LASF31:
 1763 055b 6F6C6465 		.ascii	"older\000"
 1763      7200
 1764              	.LASF114:
 1765 0561 75736249 		.ascii	"usbInit\000"
 1765      6E697400 
 1766              	.LASF27:
 1767 0569 74687265 		.ascii	"thread_t\000"
ARM GAS  /tmp/cci6EpEc.s 			page 36


 1767      61645F74 
 1767      00
 1768              	.LASF81:
 1769 0572 62657374 		.ascii	"best\000"
 1769      00
 1770              	.LASF72:
 1771 0577 73797374 		.ascii	"systime_t\000"
 1771      696D655F 
 1771      7400
 1772              	.LASF55:
 1773 0581 76746675 		.ascii	"vtfunc_t\000"
 1773      6E635F74 
 1773      00
 1774              	.LASF65:
 1775 058a 70616E69 		.ascii	"panic_msg\000"
 1775      635F6D73 
 1775      6700
 1776              	.LASF79:
 1777 0594 6F666673 		.ascii	"offset\000"
 1777      657400
 1778              	.LASF106:
 1779 059b 68616C5F 		.ascii	"hal_lld_init\000"
 1779      6C6C645F 
 1779      696E6974 
 1779      00
 1780              	.LASF17:
 1781 05a8 7274636E 		.ascii	"rtcnt_t\000"
 1781      745F7400 
 1782              	.LASF49:
 1783 05b0 74687265 		.ascii	"threads_queue_t\000"
 1783      6164735F 
 1783      71756575 
 1783      655F7400 
 1784              	.LASF100:
 1785 05c0 63685F6D 		.ascii	"ch_mutex\000"
 1785      75746578 
 1785      00
 1786              	.LASF107:
 1787 05c9 5F70616C 		.ascii	"_pal_lld_init\000"
 1787      5F6C6C64 
 1787      5F696E69 
 1787      7400
 1788              	.LASF68:
 1789 05d7 726C6973 		.ascii	"rlist\000"
 1789      7400
 1790              	.LASF13:
 1791 05dd 75696E74 		.ascii	"uint8_t\000"
 1791      385F7400 
 1792              	.LASF35:
 1793 05e5 666C6167 		.ascii	"flags\000"
 1793      7300
 1794              	.LASF93:
 1795 05eb 77746F62 		.ascii	"wtobjp\000"
 1795      6A7000
 1796              	.LASF45:
 1797 05f2 74687265 		.ascii	"threads_list_t\000"
 1797      6164735F 
ARM GAS  /tmp/cci6EpEc.s 			page 37


 1797      6C697374 
 1797      5F7400
 1798              	.LASF109:
 1799 0601 69326349 		.ascii	"i2cInit\000"
 1799      6E697400 
 1800              	.LASF111:
 1801 0609 7364496E 		.ascii	"sdInit\000"
 1801      697400
 1802              	.LASF40:
 1803 0610 6D74786C 		.ascii	"mtxlist\000"
 1803      69737400 
 1804              	.LASF88:
 1805 0618 6D5F6372 		.ascii	"m_crit_thd\000"
 1805      69745F74 
 1805      686400
 1806              		.ident	"GCC: (GNU Tools for ARM Embedded Processors) 4.9.3 20150529 (release) [ARM/embedded-4_9-br
ARM GAS  /tmp/cci6EpEc.s 			page 38


DEFINED SYMBOLS
                            *ABS*:00000000 hal.c
     /tmp/cci6EpEc.s:21     .text.halInit:00000000 $t
     /tmp/cci6EpEc.s:26     .text.halInit:00000000 halInit
                     .debug_frame:00000010 $d

UNDEFINED SYMBOLS
hal_lld_init
_pal_lld_init
adcInit
i2cInit
pwmInit
sdInit
sdcInit
spiInit
usbInit
sduInit
boardInit
stInit
